CRITICAL - 2024-01-01 17:16:15 --> Undefined global variable $_SESSION
in APPPATH\Views\Perfil.php on line 8.
 1 APPPATH\Views\Perfil.php(8): CodeIgniter\Debug\Exceptions->errorHandler(2, 'Undefined global variable $_SESSION', 'D:\\xampp\\htdocs\\MercadilloElGitanillo\\MercadilloGitanillo\\app\\Views\\Perfil.php', 8)
 2 SYSTEMPATH\View\View.php(224): include('D:\\xampp\\htdocs\\MercadilloElGitanillo\\MercadilloGitanillo\\app\\Views\\Perfil.php')
 3 SYSTEMPATH\View\View.php(227): CodeIgniter\View\View->CodeIgniter\View\{closure}()
 4 SYSTEMPATH\Common.php(1176): CodeIgniter\View\View->render('Perfil', [], true)
 5 APPPATH\Controllers\Home.php(68): view('Perfil')
 6 SYSTEMPATH\CodeIgniter.php(932): App\Controllers\Home->verPerfil()
 7 SYSTEMPATH\CodeIgniter.php(497): CodeIgniter\CodeIgniter->runController(Object(App\Controllers\Home))
 8 SYSTEMPATH\CodeIgniter.php(366): CodeIgniter\CodeIgniter->handleRequest(null, Object(Config\Cache), false)
 9 FCPATH\index.php(67): CodeIgniter\CodeIgniter->run()
CRITICAL - 2024-01-01 17:17:58 --> Undefined global variable $_SESSION
in APPPATH\Views\Perfil.php on line 8.
 1 APPPATH\Views\Perfil.php(8): CodeIgniter\Debug\Exceptions->errorHandler(2, 'Undefined global variable $_SESSION', 'D:\\xampp\\htdocs\\MercadilloElGitanillo\\MercadilloGitanillo\\app\\Views\\Perfil.php', 8)
 2 SYSTEMPATH\View\View.php(224): include('D:\\xampp\\htdocs\\MercadilloElGitanillo\\MercadilloGitanillo\\app\\Views\\Perfil.php')
 3 SYSTEMPATH\View\View.php(227): CodeIgniter\View\View->CodeIgniter\View\{closure}()
 4 SYSTEMPATH\Common.php(1176): CodeIgniter\View\View->render('Perfil.php', [], true)
 5 APPPATH\Controllers\Home.php(68): view('Perfil.php')
 6 SYSTEMPATH\CodeIgniter.php(932): App\Controllers\Home->verPerfil()
 7 SYSTEMPATH\CodeIgniter.php(497): CodeIgniter\CodeIgniter->runController(Object(App\Controllers\Home))
 8 SYSTEMPATH\CodeIgniter.php(366): CodeIgniter\CodeIgniter->handleRequest(null, Object(Config\Cache), false)
 9 FCPATH\index.php(67): CodeIgniter\CodeIgniter->run()
CRITICAL - 2024-01-01 17:18:08 --> Undefined global variable $_SESSION
in APPPATH\Views\Perfil.php on line 8.
 1 APPPATH\Views\Perfil.php(8): CodeIgniter\Debug\Exceptions->errorHandler(2, 'Undefined global variable $_SESSION', 'D:\\xampp\\htdocs\\MercadilloElGitanillo\\MercadilloGitanillo\\app\\Views\\Perfil.php', 8)
 2 SYSTEMPATH\View\View.php(224): include('D:\\xampp\\htdocs\\MercadilloElGitanillo\\MercadilloGitanillo\\app\\Views\\Perfil.php')
 3 SYSTEMPATH\View\View.php(227): CodeIgniter\View\View->CodeIgniter\View\{closure}()
 4 SYSTEMPATH\Common.php(1176): CodeIgniter\View\View->render('Perfil.php', [], true)
 5 APPPATH\Controllers\Home.php(68): view('Perfil.php')
 6 SYSTEMPATH\CodeIgniter.php(932): App\Controllers\Home->verPerfil()
 7 SYSTEMPATH\CodeIgniter.php(497): CodeIgniter\CodeIgniter->runController(Object(App\Controllers\Home))
 8 SYSTEMPATH\CodeIgniter.php(366): CodeIgniter\CodeIgniter->handleRequest(null, Object(Config\Cache), false)
 9 FCPATH\index.php(67): CodeIgniter\CodeIgniter->run()
CRITICAL - 2024-01-01 17:21:27 --> Undefined global variable $_SESSION
in APPPATH\Views\Perfil.php on line 7.
 1 APPPATH\Views\Perfil.php(7): CodeIgniter\Debug\Exceptions->errorHandler(2, 'Undefined global variable $_SESSION', 'D:\\xampp\\htdocs\\MercadilloElGitanillo\\MercadilloGitanillo\\app\\Views\\Perfil.php', 7)
 2 SYSTEMPATH\View\View.php(224): include('D:\\xampp\\htdocs\\MercadilloElGitanillo\\MercadilloGitanillo\\app\\Views\\Perfil.php')
 3 SYSTEMPATH\View\View.php(227): CodeIgniter\View\View->CodeIgniter\View\{closure}()
 4 SYSTEMPATH\Common.php(1176): CodeIgniter\View\View->render('Perfil.php', [], true)
 5 APPPATH\Controllers\Home.php(68): view('Perfil.php')
 6 SYSTEMPATH\CodeIgniter.php(932): App\Controllers\Home->verPerfil()
 7 SYSTEMPATH\CodeIgniter.php(497): CodeIgniter\CodeIgniter->runController(Object(App\Controllers\Home))
 8 SYSTEMPATH\CodeIgniter.php(366): CodeIgniter\CodeIgniter->handleRequest(null, Object(Config\Cache), false)
 9 FCPATH\index.php(67): CodeIgniter\CodeIgniter->run()
CRITICAL - 2024-01-01 17:21:28 --> Undefined global variable $_SESSION
in APPPATH\Views\Perfil.php on line 7.
 1 APPPATH\Views\Perfil.php(7): CodeIgniter\Debug\Exceptions->errorHandler(2, 'Undefined global variable $_SESSION', 'D:\\xampp\\htdocs\\MercadilloElGitanillo\\MercadilloGitanillo\\app\\Views\\Perfil.php', 7)
 2 SYSTEMPATH\View\View.php(224): include('D:\\xampp\\htdocs\\MercadilloElGitanillo\\MercadilloGitanillo\\app\\Views\\Perfil.php')
 3 SYSTEMPATH\View\View.php(227): CodeIgniter\View\View->CodeIgniter\View\{closure}()
 4 SYSTEMPATH\Common.php(1176): CodeIgniter\View\View->render('Perfil.php', [], true)
 5 APPPATH\Controllers\Home.php(68): view('Perfil.php')
 6 SYSTEMPATH\CodeIgniter.php(932): App\Controllers\Home->verPerfil()
 7 SYSTEMPATH\CodeIgniter.php(497): CodeIgniter\CodeIgniter->runController(Object(App\Controllers\Home))
 8 SYSTEMPATH\CodeIgniter.php(366): CodeIgniter\CodeIgniter->handleRequest(null, Object(Config\Cache), false)
 9 FCPATH\index.php(67): CodeIgniter\CodeIgniter->run()
CRITICAL - 2024-01-01 17:21:29 --> Undefined global variable $_SESSION
in APPPATH\Views\Perfil.php on line 7.
 1 APPPATH\Views\Perfil.php(7): CodeIgniter\Debug\Exceptions->errorHandler(2, 'Undefined global variable $_SESSION', 'D:\\xampp\\htdocs\\MercadilloElGitanillo\\MercadilloGitanillo\\app\\Views\\Perfil.php', 7)
 2 SYSTEMPATH\View\View.php(224): include('D:\\xampp\\htdocs\\MercadilloElGitanillo\\MercadilloGitanillo\\app\\Views\\Perfil.php')
 3 SYSTEMPATH\View\View.php(227): CodeIgniter\View\View->CodeIgniter\View\{closure}()
 4 SYSTEMPATH\Common.php(1176): CodeIgniter\View\View->render('Perfil.php', [], true)
 5 APPPATH\Controllers\Home.php(68): view('Perfil.php')
 6 SYSTEMPATH\CodeIgniter.php(932): App\Controllers\Home->verPerfil()
 7 SYSTEMPATH\CodeIgniter.php(497): CodeIgniter\CodeIgniter->runController(Object(App\Controllers\Home))
 8 SYSTEMPATH\CodeIgniter.php(366): CodeIgniter\CodeIgniter->handleRequest(null, Object(Config\Cache), false)
 9 FCPATH\index.php(67): CodeIgniter\CodeIgniter->run()
CRITICAL - 2024-01-01 17:21:29 --> Undefined global variable $_SESSION
in APPPATH\Views\Perfil.php on line 7.
 1 APPPATH\Views\Perfil.php(7): CodeIgniter\Debug\Exceptions->errorHandler(2, 'Undefined global variable $_SESSION', 'D:\\xampp\\htdocs\\MercadilloElGitanillo\\MercadilloGitanillo\\app\\Views\\Perfil.php', 7)
 2 SYSTEMPATH\View\View.php(224): include('D:\\xampp\\htdocs\\MercadilloElGitanillo\\MercadilloGitanillo\\app\\Views\\Perfil.php')
 3 SYSTEMPATH\View\View.php(227): CodeIgniter\View\View->CodeIgniter\View\{closure}()
 4 SYSTEMPATH\Common.php(1176): CodeIgniter\View\View->render('Perfil.php', [], true)
 5 APPPATH\Controllers\Home.php(68): view('Perfil.php')
 6 SYSTEMPATH\CodeIgniter.php(932): App\Controllers\Home->verPerfil()
 7 SYSTEMPATH\CodeIgniter.php(497): CodeIgniter\CodeIgniter->runController(Object(App\Controllers\Home))
 8 SYSTEMPATH\CodeIgniter.php(366): CodeIgniter\CodeIgniter->handleRequest(null, Object(Config\Cache), false)
 9 FCPATH\index.php(67): CodeIgniter\CodeIgniter->run()
CRITICAL - 2024-01-01 17:21:35 --> Undefined global variable $_SESSION
in APPPATH\Views\Perfil.php on line 7.
 1 APPPATH\Views\Perfil.php(7): CodeIgniter\Debug\Exceptions->errorHandler(2, 'Undefined global variable $_SESSION', 'D:\\xampp\\htdocs\\MercadilloElGitanillo\\MercadilloGitanillo\\app\\Views\\Perfil.php', 7)
 2 SYSTEMPATH\View\View.php(224): include('D:\\xampp\\htdocs\\MercadilloElGitanillo\\MercadilloGitanillo\\app\\Views\\Perfil.php')
 3 SYSTEMPATH\View\View.php(227): CodeIgniter\View\View->CodeIgniter\View\{closure}()
 4 SYSTEMPATH\Common.php(1176): CodeIgniter\View\View->render('Perfil.php', [], true)
 5 APPPATH\Controllers\Home.php(68): view('Perfil.php')
 6 SYSTEMPATH\CodeIgniter.php(932): App\Controllers\Home->verPerfil()
 7 SYSTEMPATH\CodeIgniter.php(497): CodeIgniter\CodeIgniter->runController(Object(App\Controllers\Home))
 8 SYSTEMPATH\CodeIgniter.php(366): CodeIgniter\CodeIgniter->handleRequest(null, Object(Config\Cache), false)
 9 FCPATH\index.php(67): CodeIgniter\CodeIgniter->run()
