CRITICAL - 2024-01-24 07:48:35 --> Undefined variable $nombre
in APPPATH\Views\Editar.php on line 12.
 1 APPPATH\Views\Editar.php(12): CodeIgniter\Debug\Exceptions->errorHandler(2, 'Undefined variable $nombre', 'C:\\xampp\\htdocs\\app\\Views\\Editar.php', 12)
 2 SYSTEMPATH\View\View.php(224): include('C:\\xampp\\htdocs\\app\\Views\\Editar.php')
 3 SYSTEMPATH\View\View.php(227): CodeIgniter\View\View->CodeIgniter\View\{closure}()
 4 SYSTEMPATH\Common.php(1176): CodeIgniter\View\View->render('Editar.php', [], true)
 5 APPPATH\Controllers\Home.php(272): view('Editar.php')
 6 SYSTEMPATH\CodeIgniter.php(932): App\Controllers\Home->editar()
 7 SYSTEMPATH\CodeIgniter.php(497): CodeIgniter\CodeIgniter->runController(Object(App\Controllers\Home))
 8 SYSTEMPATH\CodeIgniter.php(366): CodeIgniter\CodeIgniter->handleRequest(null, Object(Config\Cache), false)
 9 FCPATH\index.php(69): CodeIgniter\CodeIgniter->run()
CRITICAL - 2024-01-24 07:55:51 --> Undefined variable $nombre
in APPPATH\Views\Editar.php on line 12.
 1 APPPATH\Views\Editar.php(12): CodeIgniter\Debug\Exceptions->errorHandler(2, 'Undefined variable $nombre', 'C:\\xampp\\htdocs\\app\\Views\\Editar.php', 12)
 2 SYSTEMPATH\View\View.php(224): include('C:\\xampp\\htdocs\\app\\Views\\Editar.php')
 3 SYSTEMPATH\View\View.php(227): CodeIgniter\View\View->CodeIgniter\View\{closure}()
 4 SYSTEMPATH\Common.php(1176): CodeIgniter\View\View->render('Editar.php', [], true)
 5 APPPATH\Controllers\Home.php(273): view('Editar.php')
 6 SYSTEMPATH\CodeIgniter.php(932): App\Controllers\Home->editar()
 7 SYSTEMPATH\CodeIgniter.php(497): CodeIgniter\CodeIgniter->runController(Object(App\Controllers\Home))
 8 SYSTEMPATH\CodeIgniter.php(366): CodeIgniter\CodeIgniter->handleRequest(null, Object(Config\Cache), false)
 9 FCPATH\index.php(69): CodeIgniter\CodeIgniter->run()
CRITICAL - 2024-01-24 07:58:28 --> Undefined variable $cod_producto
in APPPATH\Views\Editar.php on line 45.
 1 APPPATH\Views\Editar.php(45): CodeIgniter\Debug\Exceptions->errorHandler(2, 'Undefined variable $cod_producto', 'C:\\xampp\\htdocs\\app\\Views\\Editar.php', 45)
 2 SYSTEMPATH\View\View.php(224): include('C:\\xampp\\htdocs\\app\\Views\\Editar.php')
 3 SYSTEMPATH\View\View.php(227): CodeIgniter\View\View->CodeIgniter\View\{closure}()
 4 SYSTEMPATH\Common.php(1176): CodeIgniter\View\View->render('Editar.php', [], true)
 5 APPPATH\Controllers\Home.php(272): view('Editar.php', [...])
 6 SYSTEMPATH\CodeIgniter.php(932): App\Controllers\Home->editar()
 7 SYSTEMPATH\CodeIgniter.php(497): CodeIgniter\CodeIgniter->runController(Object(App\Controllers\Home))
 8 SYSTEMPATH\CodeIgniter.php(366): CodeIgniter\CodeIgniter->handleRequest(null, Object(Config\Cache), false)
 9 FCPATH\index.php(69): CodeIgniter\CodeIgniter->run()
CRITICAL - 2024-01-24 07:59:26 --> Undefined variable $cod_producto
in APPPATH\Views\Editar.php on line 45.
 1 APPPATH\Views\Editar.php(45): CodeIgniter\Debug\Exceptions->errorHandler(2, 'Undefined variable $cod_producto', 'C:\\xampp\\htdocs\\app\\Views\\Editar.php', 45)
 2 SYSTEMPATH\View\View.php(224): include('C:\\xampp\\htdocs\\app\\Views\\Editar.php')
 3 SYSTEMPATH\View\View.php(227): CodeIgniter\View\View->CodeIgniter\View\{closure}()
 4 SYSTEMPATH\Common.php(1176): CodeIgniter\View\View->render('Editar.php', [], true)
 5 APPPATH\Controllers\Home.php(272): view('Editar.php', [...])
 6 SYSTEMPATH\CodeIgniter.php(932): App\Controllers\Home->editar()
 7 SYSTEMPATH\CodeIgniter.php(497): CodeIgniter\CodeIgniter->runController(Object(App\Controllers\Home))
 8 SYSTEMPATH\CodeIgniter.php(366): CodeIgniter\CodeIgniter->handleRequest(null, Object(Config\Cache), false)
 9 FCPATH\index.php(69): CodeIgniter\CodeIgniter->run()
CRITICAL - 2024-01-24 08:00:36 --> Undefined variable $codigoProducto
in APPPATH\Views\Editar.php on line 45.
 1 APPPATH\Views\Editar.php(45): CodeIgniter\Debug\Exceptions->errorHandler(2, 'Undefined variable $codigoProducto', 'C:\\xampp\\htdocs\\app\\Views\\Editar.php', 45)
 2 SYSTEMPATH\View\View.php(224): include('C:\\xampp\\htdocs\\app\\Views\\Editar.php')
 3 SYSTEMPATH\View\View.php(227): CodeIgniter\View\View->CodeIgniter\View\{closure}()
 4 SYSTEMPATH\Common.php(1176): CodeIgniter\View\View->render('Editar.php', [], true)
 5 APPPATH\Controllers\Home.php(271): view('Editar.php', [...])
 6 SYSTEMPATH\CodeIgniter.php(932): App\Controllers\Home->editar()
 7 SYSTEMPATH\CodeIgniter.php(497): CodeIgniter\CodeIgniter->runController(Object(App\Controllers\Home))
 8 SYSTEMPATH\CodeIgniter.php(366): CodeIgniter\CodeIgniter->handleRequest(null, Object(Config\Cache), false)
 9 FCPATH\index.php(69): CodeIgniter\CodeIgniter->run()
CRITICAL - 2024-01-24 08:09:40 --> Unmatched '}'
in APPPATH\Controllers\Home.php on line 287.
 1 SYSTEMPATH\Autoloader\Autoloader.php(291): CodeIgniter\Autoloader\Autoloader->includeFile('C:\\xampp\\htdocs\\app\\Controllers\\Home.php')
 2 SYSTEMPATH\Autoloader\Autoloader.php(269): CodeIgniter\Autoloader\Autoloader->loadInNamespace('App\\Controllers\\Home')
 3 [internal function]: CodeIgniter\Autoloader\Autoloader->loadClass('App\\Controllers\\Home')
 4 SYSTEMPATH\CodeIgniter.php(890): class_exists('\\App\\Controllers\\Home', true)
 5 SYSTEMPATH\CodeIgniter.php(484): CodeIgniter\CodeIgniter->startController()
 6 SYSTEMPATH\CodeIgniter.php(366): CodeIgniter\CodeIgniter->handleRequest(null, Object(Config\Cache), false)
 7 FCPATH\index.php(69): CodeIgniter\CodeIgniter->run()
