CRITICAL - 2024-01-05 11:17:12 --> Trying to access array offset on value of type int
in APPPATH\Views\Perfil.php on line 45.
 1 APPPATH\Views\Perfil.php(45): CodeIgniter\Debug\Exceptions->errorHandler(2, 'Trying to access array offset on value of type int', 'D:\\xampp\\htdocs\\MercadilloGitanillo\\app\\Views\\Perfil.php', 45)
 2 SYSTEMPATH\View\View.php(224): include('D:\\xampp\\htdocs\\MercadilloGitanillo\\app\\Views\\Perfil.php')
 3 SYSTEMPATH\View\View.php(227): CodeIgniter\View\View->CodeIgniter\View\{closure}()
 4 SYSTEMPATH\Common.php(1176): CodeIgniter\View\View->render('Perfil.php', [], true)
 5 APPPATH\Controllers\Home.php(81): view('Perfil.php', [...])
 6 SYSTEMPATH\CodeIgniter.php(932): App\Controllers\Home->verPerfil()
 7 SYSTEMPATH\CodeIgniter.php(497): CodeIgniter\CodeIgniter->runController(Object(App\Controllers\Home))
 8 SYSTEMPATH\CodeIgniter.php(366): CodeIgniter\CodeIgniter->handleRequest(null, Object(Config\Cache), false)
 9 FCPATH\index.php(69): CodeIgniter\CodeIgniter->run()
CRITICAL - 2024-01-05 11:21:39 --> Trying to access array offset on value of type int
in APPPATH\Views\Perfil.php on line 45.
 1 APPPATH\Views\Perfil.php(45): CodeIgniter\Debug\Exceptions->errorHandler(2, 'Trying to access array offset on value of type int', 'D:\\xampp\\htdocs\\MercadilloGitanillo\\app\\Views\\Perfil.php', 45)
 2 SYSTEMPATH\View\View.php(224): include('D:\\xampp\\htdocs\\MercadilloGitanillo\\app\\Views\\Perfil.php')
 3 SYSTEMPATH\View\View.php(227): CodeIgniter\View\View->CodeIgniter\View\{closure}()
 4 SYSTEMPATH\Common.php(1176): CodeIgniter\View\View->render('Perfil.php', [], true)
 5 APPPATH\Controllers\Home.php(81): view('Perfil.php', [...])
 6 SYSTEMPATH\CodeIgniter.php(932): App\Controllers\Home->verPerfil()
 7 SYSTEMPATH\CodeIgniter.php(497): CodeIgniter\CodeIgniter->runController(Object(App\Controllers\Home))
 8 SYSTEMPATH\CodeIgniter.php(366): CodeIgniter\CodeIgniter->handleRequest(null, Object(Config\Cache), false)
 9 FCPATH\index.php(69): CodeIgniter\CodeIgniter->run()
CRITICAL - 2024-01-05 11:22:02 --> Trying to access array offset on value of type int
in APPPATH\Views\Perfil.php on line 45.
 1 APPPATH\Views\Perfil.php(45): CodeIgniter\Debug\Exceptions->errorHandler(2, 'Trying to access array offset on value of type int', 'D:\\xampp\\htdocs\\MercadilloGitanillo\\app\\Views\\Perfil.php', 45)
 2 SYSTEMPATH\View\View.php(224): include('D:\\xampp\\htdocs\\MercadilloGitanillo\\app\\Views\\Perfil.php')
 3 SYSTEMPATH\View\View.php(227): CodeIgniter\View\View->CodeIgniter\View\{closure}()
 4 SYSTEMPATH\Common.php(1176): CodeIgniter\View\View->render('Perfil.php', [], true)
 5 APPPATH\Controllers\Home.php(81): view('Perfil.php', [...])
 6 SYSTEMPATH\CodeIgniter.php(932): App\Controllers\Home->verPerfil()
 7 SYSTEMPATH\CodeIgniter.php(497): CodeIgniter\CodeIgniter->runController(Object(App\Controllers\Home))
 8 SYSTEMPATH\CodeIgniter.php(366): CodeIgniter\CodeIgniter->handleRequest(null, Object(Config\Cache), false)
 9 FCPATH\index.php(69): CodeIgniter\CodeIgniter->run()
CRITICAL - 2024-01-05 11:22:03 --> Trying to access array offset on value of type int
in APPPATH\Views\Perfil.php on line 45.
 1 APPPATH\Views\Perfil.php(45): CodeIgniter\Debug\Exceptions->errorHandler(2, 'Trying to access array offset on value of type int', 'D:\\xampp\\htdocs\\MercadilloGitanillo\\app\\Views\\Perfil.php', 45)
 2 SYSTEMPATH\View\View.php(224): include('D:\\xampp\\htdocs\\MercadilloGitanillo\\app\\Views\\Perfil.php')
 3 SYSTEMPATH\View\View.php(227): CodeIgniter\View\View->CodeIgniter\View\{closure}()
 4 SYSTEMPATH\Common.php(1176): CodeIgniter\View\View->render('Perfil.php', [], true)
 5 APPPATH\Controllers\Home.php(81): view('Perfil.php', [...])
 6 SYSTEMPATH\CodeIgniter.php(932): App\Controllers\Home->verPerfil()
 7 SYSTEMPATH\CodeIgniter.php(497): CodeIgniter\CodeIgniter->runController(Object(App\Controllers\Home))
 8 SYSTEMPATH\CodeIgniter.php(366): CodeIgniter\CodeIgniter->handleRequest(null, Object(Config\Cache), false)
 9 FCPATH\index.php(69): CodeIgniter\CodeIgniter->run()
CRITICAL - 2024-01-05 11:22:03 --> Trying to access array offset on value of type int
in APPPATH\Views\Perfil.php on line 45.
 1 APPPATH\Views\Perfil.php(45): CodeIgniter\Debug\Exceptions->errorHandler(2, 'Trying to access array offset on value of type int', 'D:\\xampp\\htdocs\\MercadilloGitanillo\\app\\Views\\Perfil.php', 45)
 2 SYSTEMPATH\View\View.php(224): include('D:\\xampp\\htdocs\\MercadilloGitanillo\\app\\Views\\Perfil.php')
 3 SYSTEMPATH\View\View.php(227): CodeIgniter\View\View->CodeIgniter\View\{closure}()
 4 SYSTEMPATH\Common.php(1176): CodeIgniter\View\View->render('Perfil.php', [], true)
 5 APPPATH\Controllers\Home.php(81): view('Perfil.php', [...])
 6 SYSTEMPATH\CodeIgniter.php(932): App\Controllers\Home->verPerfil()
 7 SYSTEMPATH\CodeIgniter.php(497): CodeIgniter\CodeIgniter->runController(Object(App\Controllers\Home))
 8 SYSTEMPATH\CodeIgniter.php(366): CodeIgniter\CodeIgniter->handleRequest(null, Object(Config\Cache), false)
 9 FCPATH\index.php(69): CodeIgniter\CodeIgniter->run()
CRITICAL - 2024-01-05 11:22:03 --> Trying to access array offset on value of type int
in APPPATH\Views\Perfil.php on line 45.
 1 APPPATH\Views\Perfil.php(45): CodeIgniter\Debug\Exceptions->errorHandler(2, 'Trying to access array offset on value of type int', 'D:\\xampp\\htdocs\\MercadilloGitanillo\\app\\Views\\Perfil.php', 45)
 2 SYSTEMPATH\View\View.php(224): include('D:\\xampp\\htdocs\\MercadilloGitanillo\\app\\Views\\Perfil.php')
 3 SYSTEMPATH\View\View.php(227): CodeIgniter\View\View->CodeIgniter\View\{closure}()
 4 SYSTEMPATH\Common.php(1176): CodeIgniter\View\View->render('Perfil.php', [], true)
 5 APPPATH\Controllers\Home.php(81): view('Perfil.php', [...])
 6 SYSTEMPATH\CodeIgniter.php(932): App\Controllers\Home->verPerfil()
 7 SYSTEMPATH\CodeIgniter.php(497): CodeIgniter\CodeIgniter->runController(Object(App\Controllers\Home))
 8 SYSTEMPATH\CodeIgniter.php(366): CodeIgniter\CodeIgniter->handleRequest(null, Object(Config\Cache), false)
 9 FCPATH\index.php(69): CodeIgniter\CodeIgniter->run()
CRITICAL - 2024-01-05 11:22:03 --> Trying to access array offset on value of type int
in APPPATH\Views\Perfil.php on line 45.
 1 APPPATH\Views\Perfil.php(45): CodeIgniter\Debug\Exceptions->errorHandler(2, 'Trying to access array offset on value of type int', 'D:\\xampp\\htdocs\\MercadilloGitanillo\\app\\Views\\Perfil.php', 45)
 2 SYSTEMPATH\View\View.php(224): include('D:\\xampp\\htdocs\\MercadilloGitanillo\\app\\Views\\Perfil.php')
 3 SYSTEMPATH\View\View.php(227): CodeIgniter\View\View->CodeIgniter\View\{closure}()
 4 SYSTEMPATH\Common.php(1176): CodeIgniter\View\View->render('Perfil.php', [], true)
 5 APPPATH\Controllers\Home.php(81): view('Perfil.php', [...])
 6 SYSTEMPATH\CodeIgniter.php(932): App\Controllers\Home->verPerfil()
 7 SYSTEMPATH\CodeIgniter.php(497): CodeIgniter\CodeIgniter->runController(Object(App\Controllers\Home))
 8 SYSTEMPATH\CodeIgniter.php(366): CodeIgniter\CodeIgniter->handleRequest(null, Object(Config\Cache), false)
 9 FCPATH\index.php(69): CodeIgniter\CodeIgniter->run()
CRITICAL - 2024-01-05 11:22:04 --> Trying to access array offset on value of type int
in APPPATH\Views\Perfil.php on line 45.
 1 APPPATH\Views\Perfil.php(45): CodeIgniter\Debug\Exceptions->errorHandler(2, 'Trying to access array offset on value of type int', 'D:\\xampp\\htdocs\\MercadilloGitanillo\\app\\Views\\Perfil.php', 45)
 2 SYSTEMPATH\View\View.php(224): include('D:\\xampp\\htdocs\\MercadilloGitanillo\\app\\Views\\Perfil.php')
 3 SYSTEMPATH\View\View.php(227): CodeIgniter\View\View->CodeIgniter\View\{closure}()
 4 SYSTEMPATH\Common.php(1176): CodeIgniter\View\View->render('Perfil.php', [], true)
 5 APPPATH\Controllers\Home.php(81): view('Perfil.php', [...])
 6 SYSTEMPATH\CodeIgniter.php(932): App\Controllers\Home->verPerfil()
 7 SYSTEMPATH\CodeIgniter.php(497): CodeIgniter\CodeIgniter->runController(Object(App\Controllers\Home))
 8 SYSTEMPATH\CodeIgniter.php(366): CodeIgniter\CodeIgniter->handleRequest(null, Object(Config\Cache), false)
 9 FCPATH\index.php(69): CodeIgniter\CodeIgniter->run()
CRITICAL - 2024-01-05 11:22:04 --> Trying to access array offset on value of type int
in APPPATH\Views\Perfil.php on line 45.
 1 APPPATH\Views\Perfil.php(45): CodeIgniter\Debug\Exceptions->errorHandler(2, 'Trying to access array offset on value of type int', 'D:\\xampp\\htdocs\\MercadilloGitanillo\\app\\Views\\Perfil.php', 45)
 2 SYSTEMPATH\View\View.php(224): include('D:\\xampp\\htdocs\\MercadilloGitanillo\\app\\Views\\Perfil.php')
 3 SYSTEMPATH\View\View.php(227): CodeIgniter\View\View->CodeIgniter\View\{closure}()
 4 SYSTEMPATH\Common.php(1176): CodeIgniter\View\View->render('Perfil.php', [], true)
 5 APPPATH\Controllers\Home.php(81): view('Perfil.php', [...])
 6 SYSTEMPATH\CodeIgniter.php(932): App\Controllers\Home->verPerfil()
 7 SYSTEMPATH\CodeIgniter.php(497): CodeIgniter\CodeIgniter->runController(Object(App\Controllers\Home))
 8 SYSTEMPATH\CodeIgniter.php(366): CodeIgniter\CodeIgniter->handleRequest(null, Object(Config\Cache), false)
 9 FCPATH\index.php(69): CodeIgniter\CodeIgniter->run()
CRITICAL - 2024-01-05 11:22:04 --> Trying to access array offset on value of type int
in APPPATH\Views\Perfil.php on line 45.
 1 APPPATH\Views\Perfil.php(45): CodeIgniter\Debug\Exceptions->errorHandler(2, 'Trying to access array offset on value of type int', 'D:\\xampp\\htdocs\\MercadilloGitanillo\\app\\Views\\Perfil.php', 45)
 2 SYSTEMPATH\View\View.php(224): include('D:\\xampp\\htdocs\\MercadilloGitanillo\\app\\Views\\Perfil.php')
 3 SYSTEMPATH\View\View.php(227): CodeIgniter\View\View->CodeIgniter\View\{closure}()
 4 SYSTEMPATH\Common.php(1176): CodeIgniter\View\View->render('Perfil.php', [], true)
 5 APPPATH\Controllers\Home.php(81): view('Perfil.php', [...])
 6 SYSTEMPATH\CodeIgniter.php(932): App\Controllers\Home->verPerfil()
 7 SYSTEMPATH\CodeIgniter.php(497): CodeIgniter\CodeIgniter->runController(Object(App\Controllers\Home))
 8 SYSTEMPATH\CodeIgniter.php(366): CodeIgniter\CodeIgniter->handleRequest(null, Object(Config\Cache), false)
 9 FCPATH\index.php(69): CodeIgniter\CodeIgniter->run()
CRITICAL - 2024-01-05 11:22:07 --> Trying to access array offset on value of type int
in APPPATH\Views\Perfil.php on line 45.
 1 APPPATH\Views\Perfil.php(45): CodeIgniter\Debug\Exceptions->errorHandler(2, 'Trying to access array offset on value of type int', 'D:\\xampp\\htdocs\\MercadilloGitanillo\\app\\Views\\Perfil.php', 45)
 2 SYSTEMPATH\View\View.php(224): include('D:\\xampp\\htdocs\\MercadilloGitanillo\\app\\Views\\Perfil.php')
 3 SYSTEMPATH\View\View.php(227): CodeIgniter\View\View->CodeIgniter\View\{closure}()
 4 SYSTEMPATH\Common.php(1176): CodeIgniter\View\View->render('Perfil.php', [], true)
 5 APPPATH\Controllers\Home.php(81): view('Perfil.php', [...])
 6 SYSTEMPATH\CodeIgniter.php(932): App\Controllers\Home->verPerfil()
 7 SYSTEMPATH\CodeIgniter.php(497): CodeIgniter\CodeIgniter->runController(Object(App\Controllers\Home))
 8 SYSTEMPATH\CodeIgniter.php(366): CodeIgniter\CodeIgniter->handleRequest(null, Object(Config\Cache), false)
 9 FCPATH\index.php(69): CodeIgniter\CodeIgniter->run()
CRITICAL - 2024-01-05 11:22:07 --> Trying to access array offset on value of type int
in APPPATH\Views\Perfil.php on line 45.
 1 APPPATH\Views\Perfil.php(45): CodeIgniter\Debug\Exceptions->errorHandler(2, 'Trying to access array offset on value of type int', 'D:\\xampp\\htdocs\\MercadilloGitanillo\\app\\Views\\Perfil.php', 45)
 2 SYSTEMPATH\View\View.php(224): include('D:\\xampp\\htdocs\\MercadilloGitanillo\\app\\Views\\Perfil.php')
 3 SYSTEMPATH\View\View.php(227): CodeIgniter\View\View->CodeIgniter\View\{closure}()
 4 SYSTEMPATH\Common.php(1176): CodeIgniter\View\View->render('Perfil.php', [], true)
 5 APPPATH\Controllers\Home.php(81): view('Perfil.php', [...])
 6 SYSTEMPATH\CodeIgniter.php(932): App\Controllers\Home->verPerfil()
 7 SYSTEMPATH\CodeIgniter.php(497): CodeIgniter\CodeIgniter->runController(Object(App\Controllers\Home))
 8 SYSTEMPATH\CodeIgniter.php(366): CodeIgniter\CodeIgniter->handleRequest(null, Object(Config\Cache), false)
 9 FCPATH\index.php(69): CodeIgniter\CodeIgniter->run()
CRITICAL - 2024-01-05 11:22:07 --> Trying to access array offset on value of type int
in APPPATH\Views\Perfil.php on line 45.
 1 APPPATH\Views\Perfil.php(45): CodeIgniter\Debug\Exceptions->errorHandler(2, 'Trying to access array offset on value of type int', 'D:\\xampp\\htdocs\\MercadilloGitanillo\\app\\Views\\Perfil.php', 45)
 2 SYSTEMPATH\View\View.php(224): include('D:\\xampp\\htdocs\\MercadilloGitanillo\\app\\Views\\Perfil.php')
 3 SYSTEMPATH\View\View.php(227): CodeIgniter\View\View->CodeIgniter\View\{closure}()
 4 SYSTEMPATH\Common.php(1176): CodeIgniter\View\View->render('Perfil.php', [], true)
 5 APPPATH\Controllers\Home.php(81): view('Perfil.php', [...])
 6 SYSTEMPATH\CodeIgniter.php(932): App\Controllers\Home->verPerfil()
 7 SYSTEMPATH\CodeIgniter.php(497): CodeIgniter\CodeIgniter->runController(Object(App\Controllers\Home))
 8 SYSTEMPATH\CodeIgniter.php(366): CodeIgniter\CodeIgniter->handleRequest(null, Object(Config\Cache), false)
 9 FCPATH\index.php(69): CodeIgniter\CodeIgniter->run()
CRITICAL - 2024-01-05 11:22:07 --> Trying to access array offset on value of type int
in APPPATH\Views\Perfil.php on line 45.
 1 APPPATH\Views\Perfil.php(45): CodeIgniter\Debug\Exceptions->errorHandler(2, 'Trying to access array offset on value of type int', 'D:\\xampp\\htdocs\\MercadilloGitanillo\\app\\Views\\Perfil.php', 45)
 2 SYSTEMPATH\View\View.php(224): include('D:\\xampp\\htdocs\\MercadilloGitanillo\\app\\Views\\Perfil.php')
 3 SYSTEMPATH\View\View.php(227): CodeIgniter\View\View->CodeIgniter\View\{closure}()
 4 SYSTEMPATH\Common.php(1176): CodeIgniter\View\View->render('Perfil.php', [], true)
 5 APPPATH\Controllers\Home.php(81): view('Perfil.php', [...])
 6 SYSTEMPATH\CodeIgniter.php(932): App\Controllers\Home->verPerfil()
 7 SYSTEMPATH\CodeIgniter.php(497): CodeIgniter\CodeIgniter->runController(Object(App\Controllers\Home))
 8 SYSTEMPATH\CodeIgniter.php(366): CodeIgniter\CodeIgniter->handleRequest(null, Object(Config\Cache), false)
 9 FCPATH\index.php(69): CodeIgniter\CodeIgniter->run()
CRITICAL - 2024-01-05 11:22:08 --> Trying to access array offset on value of type int
in APPPATH\Views\Perfil.php on line 45.
 1 APPPATH\Views\Perfil.php(45): CodeIgniter\Debug\Exceptions->errorHandler(2, 'Trying to access array offset on value of type int', 'D:\\xampp\\htdocs\\MercadilloGitanillo\\app\\Views\\Perfil.php', 45)
 2 SYSTEMPATH\View\View.php(224): include('D:\\xampp\\htdocs\\MercadilloGitanillo\\app\\Views\\Perfil.php')
 3 SYSTEMPATH\View\View.php(227): CodeIgniter\View\View->CodeIgniter\View\{closure}()
 4 SYSTEMPATH\Common.php(1176): CodeIgniter\View\View->render('Perfil.php', [], true)
 5 APPPATH\Controllers\Home.php(81): view('Perfil.php', [...])
 6 SYSTEMPATH\CodeIgniter.php(932): App\Controllers\Home->verPerfil()
 7 SYSTEMPATH\CodeIgniter.php(497): CodeIgniter\CodeIgniter->runController(Object(App\Controllers\Home))
 8 SYSTEMPATH\CodeIgniter.php(366): CodeIgniter\CodeIgniter->handleRequest(null, Object(Config\Cache), false)
 9 FCPATH\index.php(69): CodeIgniter\CodeIgniter->run()
CRITICAL - 2024-01-05 11:22:08 --> Trying to access array offset on value of type int
in APPPATH\Views\Perfil.php on line 45.
 1 APPPATH\Views\Perfil.php(45): CodeIgniter\Debug\Exceptions->errorHandler(2, 'Trying to access array offset on value of type int', 'D:\\xampp\\htdocs\\MercadilloGitanillo\\app\\Views\\Perfil.php', 45)
 2 SYSTEMPATH\View\View.php(224): include('D:\\xampp\\htdocs\\MercadilloGitanillo\\app\\Views\\Perfil.php')
 3 SYSTEMPATH\View\View.php(227): CodeIgniter\View\View->CodeIgniter\View\{closure}()
 4 SYSTEMPATH\Common.php(1176): CodeIgniter\View\View->render('Perfil.php', [], true)
 5 APPPATH\Controllers\Home.php(81): view('Perfil.php', [...])
 6 SYSTEMPATH\CodeIgniter.php(932): App\Controllers\Home->verPerfil()
 7 SYSTEMPATH\CodeIgniter.php(497): CodeIgniter\CodeIgniter->runController(Object(App\Controllers\Home))
 8 SYSTEMPATH\CodeIgniter.php(366): CodeIgniter\CodeIgniter->handleRequest(null, Object(Config\Cache), false)
 9 FCPATH\index.php(69): CodeIgniter\CodeIgniter->run()
CRITICAL - 2024-01-05 11:22:08 --> Trying to access array offset on value of type int
in APPPATH\Views\Perfil.php on line 45.
 1 APPPATH\Views\Perfil.php(45): CodeIgniter\Debug\Exceptions->errorHandler(2, 'Trying to access array offset on value of type int', 'D:\\xampp\\htdocs\\MercadilloGitanillo\\app\\Views\\Perfil.php', 45)
 2 SYSTEMPATH\View\View.php(224): include('D:\\xampp\\htdocs\\MercadilloGitanillo\\app\\Views\\Perfil.php')
 3 SYSTEMPATH\View\View.php(227): CodeIgniter\View\View->CodeIgniter\View\{closure}()
 4 SYSTEMPATH\Common.php(1176): CodeIgniter\View\View->render('Perfil.php', [], true)
 5 APPPATH\Controllers\Home.php(81): view('Perfil.php', [...])
 6 SYSTEMPATH\CodeIgniter.php(932): App\Controllers\Home->verPerfil()
 7 SYSTEMPATH\CodeIgniter.php(497): CodeIgniter\CodeIgniter->runController(Object(App\Controllers\Home))
 8 SYSTEMPATH\CodeIgniter.php(366): CodeIgniter\CodeIgniter->handleRequest(null, Object(Config\Cache), false)
 9 FCPATH\index.php(69): CodeIgniter\CodeIgniter->run()
CRITICAL - 2024-01-05 11:22:08 --> Trying to access array offset on value of type int
in APPPATH\Views\Perfil.php on line 45.
 1 APPPATH\Views\Perfil.php(45): CodeIgniter\Debug\Exceptions->errorHandler(2, 'Trying to access array offset on value of type int', 'D:\\xampp\\htdocs\\MercadilloGitanillo\\app\\Views\\Perfil.php', 45)
 2 SYSTEMPATH\View\View.php(224): include('D:\\xampp\\htdocs\\MercadilloGitanillo\\app\\Views\\Perfil.php')
 3 SYSTEMPATH\View\View.php(227): CodeIgniter\View\View->CodeIgniter\View\{closure}()
 4 SYSTEMPATH\Common.php(1176): CodeIgniter\View\View->render('Perfil.php', [], true)
 5 APPPATH\Controllers\Home.php(81): view('Perfil.php', [...])
 6 SYSTEMPATH\CodeIgniter.php(932): App\Controllers\Home->verPerfil()
 7 SYSTEMPATH\CodeIgniter.php(497): CodeIgniter\CodeIgniter->runController(Object(App\Controllers\Home))
 8 SYSTEMPATH\CodeIgniter.php(366): CodeIgniter\CodeIgniter->handleRequest(null, Object(Config\Cache), false)
 9 FCPATH\index.php(69): CodeIgniter\CodeIgniter->run()
CRITICAL - 2024-01-05 11:22:08 --> Trying to access array offset on value of type int
in APPPATH\Views\Perfil.php on line 45.
 1 APPPATH\Views\Perfil.php(45): CodeIgniter\Debug\Exceptions->errorHandler(2, 'Trying to access array offset on value of type int', 'D:\\xampp\\htdocs\\MercadilloGitanillo\\app\\Views\\Perfil.php', 45)
 2 SYSTEMPATH\View\View.php(224): include('D:\\xampp\\htdocs\\MercadilloGitanillo\\app\\Views\\Perfil.php')
 3 SYSTEMPATH\View\View.php(227): CodeIgniter\View\View->CodeIgniter\View\{closure}()
 4 SYSTEMPATH\Common.php(1176): CodeIgniter\View\View->render('Perfil.php', [], true)
 5 APPPATH\Controllers\Home.php(81): view('Perfil.php', [...])
 6 SYSTEMPATH\CodeIgniter.php(932): App\Controllers\Home->verPerfil()
 7 SYSTEMPATH\CodeIgniter.php(497): CodeIgniter\CodeIgniter->runController(Object(App\Controllers\Home))
 8 SYSTEMPATH\CodeIgniter.php(366): CodeIgniter\CodeIgniter->handleRequest(null, Object(Config\Cache), false)
 9 FCPATH\index.php(69): CodeIgniter\CodeIgniter->run()
CRITICAL - 2024-01-05 11:22:09 --> Trying to access array offset on value of type int
in APPPATH\Views\Perfil.php on line 45.
 1 APPPATH\Views\Perfil.php(45): CodeIgniter\Debug\Exceptions->errorHandler(2, 'Trying to access array offset on value of type int', 'D:\\xampp\\htdocs\\MercadilloGitanillo\\app\\Views\\Perfil.php', 45)
 2 SYSTEMPATH\View\View.php(224): include('D:\\xampp\\htdocs\\MercadilloGitanillo\\app\\Views\\Perfil.php')
 3 SYSTEMPATH\View\View.php(227): CodeIgniter\View\View->CodeIgniter\View\{closure}()
 4 SYSTEMPATH\Common.php(1176): CodeIgniter\View\View->render('Perfil.php', [], true)
 5 APPPATH\Controllers\Home.php(81): view('Perfil.php', [...])
 6 SYSTEMPATH\CodeIgniter.php(932): App\Controllers\Home->verPerfil()
 7 SYSTEMPATH\CodeIgniter.php(497): CodeIgniter\CodeIgniter->runController(Object(App\Controllers\Home))
 8 SYSTEMPATH\CodeIgniter.php(366): CodeIgniter\CodeIgniter->handleRequest(null, Object(Config\Cache), false)
 9 FCPATH\index.php(69): CodeIgniter\CodeIgniter->run()
CRITICAL - 2024-01-05 11:22:09 --> Trying to access array offset on value of type int
in APPPATH\Views\Perfil.php on line 45.
 1 APPPATH\Views\Perfil.php(45): CodeIgniter\Debug\Exceptions->errorHandler(2, 'Trying to access array offset on value of type int', 'D:\\xampp\\htdocs\\MercadilloGitanillo\\app\\Views\\Perfil.php', 45)
 2 SYSTEMPATH\View\View.php(224): include('D:\\xampp\\htdocs\\MercadilloGitanillo\\app\\Views\\Perfil.php')
 3 SYSTEMPATH\View\View.php(227): CodeIgniter\View\View->CodeIgniter\View\{closure}()
 4 SYSTEMPATH\Common.php(1176): CodeIgniter\View\View->render('Perfil.php', [], true)
 5 APPPATH\Controllers\Home.php(81): view('Perfil.php', [...])
 6 SYSTEMPATH\CodeIgniter.php(932): App\Controllers\Home->verPerfil()
 7 SYSTEMPATH\CodeIgniter.php(497): CodeIgniter\CodeIgniter->runController(Object(App\Controllers\Home))
 8 SYSTEMPATH\CodeIgniter.php(366): CodeIgniter\CodeIgniter->handleRequest(null, Object(Config\Cache), false)
 9 FCPATH\index.php(69): CodeIgniter\CodeIgniter->run()
CRITICAL - 2024-01-05 11:22:09 --> Trying to access array offset on value of type int
in APPPATH\Views\Perfil.php on line 45.
 1 APPPATH\Views\Perfil.php(45): CodeIgniter\Debug\Exceptions->errorHandler(2, 'Trying to access array offset on value of type int', 'D:\\xampp\\htdocs\\MercadilloGitanillo\\app\\Views\\Perfil.php', 45)
 2 SYSTEMPATH\View\View.php(224): include('D:\\xampp\\htdocs\\MercadilloGitanillo\\app\\Views\\Perfil.php')
 3 SYSTEMPATH\View\View.php(227): CodeIgniter\View\View->CodeIgniter\View\{closure}()
 4 SYSTEMPATH\Common.php(1176): CodeIgniter\View\View->render('Perfil.php', [], true)
 5 APPPATH\Controllers\Home.php(81): view('Perfil.php', [...])
 6 SYSTEMPATH\CodeIgniter.php(932): App\Controllers\Home->verPerfil()
 7 SYSTEMPATH\CodeIgniter.php(497): CodeIgniter\CodeIgniter->runController(Object(App\Controllers\Home))
 8 SYSTEMPATH\CodeIgniter.php(366): CodeIgniter\CodeIgniter->handleRequest(null, Object(Config\Cache), false)
 9 FCPATH\index.php(69): CodeIgniter\CodeIgniter->run()
CRITICAL - 2024-01-05 11:22:45 --> Trying to access array offset on value of type int
in APPPATH\Views\Perfil.php on line 45.
 1 APPPATH\Views\Perfil.php(45): CodeIgniter\Debug\Exceptions->errorHandler(2, 'Trying to access array offset on value of type int', 'D:\\xampp\\htdocs\\MercadilloGitanillo\\app\\Views\\Perfil.php', 45)
 2 SYSTEMPATH\View\View.php(224): include('D:\\xampp\\htdocs\\MercadilloGitanillo\\app\\Views\\Perfil.php')
 3 SYSTEMPATH\View\View.php(227): CodeIgniter\View\View->CodeIgniter\View\{closure}()
 4 SYSTEMPATH\Common.php(1176): CodeIgniter\View\View->render('Perfil.php', [], true)
 5 APPPATH\Controllers\Home.php(81): view('Perfil.php', [...])
 6 SYSTEMPATH\CodeIgniter.php(932): App\Controllers\Home->verPerfil()
 7 SYSTEMPATH\CodeIgniter.php(497): CodeIgniter\CodeIgniter->runController(Object(App\Controllers\Home))
 8 SYSTEMPATH\CodeIgniter.php(366): CodeIgniter\CodeIgniter->handleRequest(null, Object(Config\Cache), false)
 9 FCPATH\index.php(69): CodeIgniter\CodeIgniter->run()
CRITICAL - 2024-01-05 11:22:57 --> Trying to access array offset on value of type int
in APPPATH\Views\Perfil.php on line 47.
 1 APPPATH\Views\Perfil.php(47): CodeIgniter\Debug\Exceptions->errorHandler(2, 'Trying to access array offset on value of type int', 'D:\\xampp\\htdocs\\MercadilloGitanillo\\app\\Views\\Perfil.php', 47)
 2 SYSTEMPATH\View\View.php(224): include('D:\\xampp\\htdocs\\MercadilloGitanillo\\app\\Views\\Perfil.php')
 3 SYSTEMPATH\View\View.php(227): CodeIgniter\View\View->CodeIgniter\View\{closure}()
 4 SYSTEMPATH\Common.php(1176): CodeIgniter\View\View->render('Perfil.php', [], true)
 5 APPPATH\Controllers\Home.php(81): view('Perfil.php', [...])
 6 SYSTEMPATH\CodeIgniter.php(932): App\Controllers\Home->verPerfil()
 7 SYSTEMPATH\CodeIgniter.php(497): CodeIgniter\CodeIgniter->runController(Object(App\Controllers\Home))
 8 SYSTEMPATH\CodeIgniter.php(366): CodeIgniter\CodeIgniter->handleRequest(null, Object(Config\Cache), false)
 9 FCPATH\index.php(69): CodeIgniter\CodeIgniter->run()
CRITICAL - 2024-01-05 11:24:05 --> syntax error, unexpected token "}"
in APPPATH\Views\Perfil.php on line 70.
 1 SYSTEMPATH\View\View.php(227): CodeIgniter\View\View->CodeIgniter\View\{closure}()
 2 SYSTEMPATH\Common.php(1176): CodeIgniter\View\View->render('Perfil.php', [], true)
 3 APPPATH\Controllers\Home.php(81): view('Perfil.php', [...])
 4 SYSTEMPATH\CodeIgniter.php(932): App\Controllers\Home->verPerfil()
 5 SYSTEMPATH\CodeIgniter.php(497): CodeIgniter\CodeIgniter->runController(Object(App\Controllers\Home))
 6 SYSTEMPATH\CodeIgniter.php(366): CodeIgniter\CodeIgniter->handleRequest(null, Object(Config\Cache), false)
 7 FCPATH\index.php(69): CodeIgniter\CodeIgniter->run()
CRITICAL - 2024-01-05 11:24:30 --> Trying to access array offset on value of type int
in APPPATH\Views\Perfil.php on line 47.
 1 APPPATH\Views\Perfil.php(47): CodeIgniter\Debug\Exceptions->errorHandler(2, 'Trying to access array offset on value of type int', 'D:\\xampp\\htdocs\\MercadilloGitanillo\\app\\Views\\Perfil.php', 47)
 2 SYSTEMPATH\View\View.php(224): include('D:\\xampp\\htdocs\\MercadilloGitanillo\\app\\Views\\Perfil.php')
 3 SYSTEMPATH\View\View.php(227): CodeIgniter\View\View->CodeIgniter\View\{closure}()
 4 SYSTEMPATH\Common.php(1176): CodeIgniter\View\View->render('Perfil.php', [], true)
 5 APPPATH\Controllers\Home.php(81): view('Perfil.php', [...])
 6 SYSTEMPATH\CodeIgniter.php(932): App\Controllers\Home->verPerfil()
 7 SYSTEMPATH\CodeIgniter.php(497): CodeIgniter\CodeIgniter->runController(Object(App\Controllers\Home))
 8 SYSTEMPATH\CodeIgniter.php(366): CodeIgniter\CodeIgniter->handleRequest(null, Object(Config\Cache), false)
 9 FCPATH\index.php(69): CodeIgniter\CodeIgniter->run()
CRITICAL - 2024-01-05 11:24:53 --> Trying to access array offset on value of type int
in APPPATH\Views\Perfil.php on line 47.
 1 APPPATH\Views\Perfil.php(47): CodeIgniter\Debug\Exceptions->errorHandler(2, 'Trying to access array offset on value of type int', 'D:\\xampp\\htdocs\\MercadilloGitanillo\\app\\Views\\Perfil.php', 47)
 2 SYSTEMPATH\View\View.php(224): include('D:\\xampp\\htdocs\\MercadilloGitanillo\\app\\Views\\Perfil.php')
 3 SYSTEMPATH\View\View.php(227): CodeIgniter\View\View->CodeIgniter\View\{closure}()
 4 SYSTEMPATH\Common.php(1176): CodeIgniter\View\View->render('Perfil.php', [], true)
 5 APPPATH\Controllers\Home.php(81): view('Perfil.php', [...])
 6 SYSTEMPATH\CodeIgniter.php(932): App\Controllers\Home->verPerfil()
 7 SYSTEMPATH\CodeIgniter.php(497): CodeIgniter\CodeIgniter->runController(Object(App\Controllers\Home))
 8 SYSTEMPATH\CodeIgniter.php(366): CodeIgniter\CodeIgniter->handleRequest(null, Object(Config\Cache), false)
 9 FCPATH\index.php(69): CodeIgniter\CodeIgniter->run()
CRITICAL - 2024-01-05 11:24:54 --> Trying to access array offset on value of type int
in APPPATH\Views\Perfil.php on line 47.
 1 APPPATH\Views\Perfil.php(47): CodeIgniter\Debug\Exceptions->errorHandler(2, 'Trying to access array offset on value of type int', 'D:\\xampp\\htdocs\\MercadilloGitanillo\\app\\Views\\Perfil.php', 47)
 2 SYSTEMPATH\View\View.php(224): include('D:\\xampp\\htdocs\\MercadilloGitanillo\\app\\Views\\Perfil.php')
 3 SYSTEMPATH\View\View.php(227): CodeIgniter\View\View->CodeIgniter\View\{closure}()
 4 SYSTEMPATH\Common.php(1176): CodeIgniter\View\View->render('Perfil.php', [], true)
 5 APPPATH\Controllers\Home.php(81): view('Perfil.php', [...])
 6 SYSTEMPATH\CodeIgniter.php(932): App\Controllers\Home->verPerfil()
 7 SYSTEMPATH\CodeIgniter.php(497): CodeIgniter\CodeIgniter->runController(Object(App\Controllers\Home))
 8 SYSTEMPATH\CodeIgniter.php(366): CodeIgniter\CodeIgniter->handleRequest(null, Object(Config\Cache), false)
 9 FCPATH\index.php(69): CodeIgniter\CodeIgniter->run()
CRITICAL - 2024-01-05 11:24:54 --> Trying to access array offset on value of type int
in APPPATH\Views\Perfil.php on line 47.
 1 APPPATH\Views\Perfil.php(47): CodeIgniter\Debug\Exceptions->errorHandler(2, 'Trying to access array offset on value of type int', 'D:\\xampp\\htdocs\\MercadilloGitanillo\\app\\Views\\Perfil.php', 47)
 2 SYSTEMPATH\View\View.php(224): include('D:\\xampp\\htdocs\\MercadilloGitanillo\\app\\Views\\Perfil.php')
 3 SYSTEMPATH\View\View.php(227): CodeIgniter\View\View->CodeIgniter\View\{closure}()
 4 SYSTEMPATH\Common.php(1176): CodeIgniter\View\View->render('Perfil.php', [], true)
 5 APPPATH\Controllers\Home.php(81): view('Perfil.php', [...])
 6 SYSTEMPATH\CodeIgniter.php(932): App\Controllers\Home->verPerfil()
 7 SYSTEMPATH\CodeIgniter.php(497): CodeIgniter\CodeIgniter->runController(Object(App\Controllers\Home))
 8 SYSTEMPATH\CodeIgniter.php(366): CodeIgniter\CodeIgniter->handleRequest(null, Object(Config\Cache), false)
 9 FCPATH\index.php(69): CodeIgniter\CodeIgniter->run()
CRITICAL - 2024-01-05 11:24:54 --> Trying to access array offset on value of type int
in APPPATH\Views\Perfil.php on line 47.
 1 APPPATH\Views\Perfil.php(47): CodeIgniter\Debug\Exceptions->errorHandler(2, 'Trying to access array offset on value of type int', 'D:\\xampp\\htdocs\\MercadilloGitanillo\\app\\Views\\Perfil.php', 47)
 2 SYSTEMPATH\View\View.php(224): include('D:\\xampp\\htdocs\\MercadilloGitanillo\\app\\Views\\Perfil.php')
 3 SYSTEMPATH\View\View.php(227): CodeIgniter\View\View->CodeIgniter\View\{closure}()
 4 SYSTEMPATH\Common.php(1176): CodeIgniter\View\View->render('Perfil.php', [], true)
 5 APPPATH\Controllers\Home.php(81): view('Perfil.php', [...])
 6 SYSTEMPATH\CodeIgniter.php(932): App\Controllers\Home->verPerfil()
 7 SYSTEMPATH\CodeIgniter.php(497): CodeIgniter\CodeIgniter->runController(Object(App\Controllers\Home))
 8 SYSTEMPATH\CodeIgniter.php(366): CodeIgniter\CodeIgniter->handleRequest(null, Object(Config\Cache), false)
 9 FCPATH\index.php(69): CodeIgniter\CodeIgniter->run()
CRITICAL - 2024-01-05 11:24:54 --> Trying to access array offset on value of type int
in APPPATH\Views\Perfil.php on line 47.
 1 APPPATH\Views\Perfil.php(47): CodeIgniter\Debug\Exceptions->errorHandler(2, 'Trying to access array offset on value of type int', 'D:\\xampp\\htdocs\\MercadilloGitanillo\\app\\Views\\Perfil.php', 47)
 2 SYSTEMPATH\View\View.php(224): include('D:\\xampp\\htdocs\\MercadilloGitanillo\\app\\Views\\Perfil.php')
 3 SYSTEMPATH\View\View.php(227): CodeIgniter\View\View->CodeIgniter\View\{closure}()
 4 SYSTEMPATH\Common.php(1176): CodeIgniter\View\View->render('Perfil.php', [], true)
 5 APPPATH\Controllers\Home.php(81): view('Perfil.php', [...])
 6 SYSTEMPATH\CodeIgniter.php(932): App\Controllers\Home->verPerfil()
 7 SYSTEMPATH\CodeIgniter.php(497): CodeIgniter\CodeIgniter->runController(Object(App\Controllers\Home))
 8 SYSTEMPATH\CodeIgniter.php(366): CodeIgniter\CodeIgniter->handleRequest(null, Object(Config\Cache), false)
 9 FCPATH\index.php(69): CodeIgniter\CodeIgniter->run()
CRITICAL - 2024-01-05 11:27:16 --> Array to string conversion
in APPPATH\Views\Perfil.php on line 47.
 1 APPPATH\Views\Perfil.php(47): CodeIgniter\Debug\Exceptions->errorHandler(2, 'Array to string conversion', 'D:\\xampp\\htdocs\\MercadilloGitanillo\\app\\Views\\Perfil.php', 47)
 2 SYSTEMPATH\View\View.php(224): include('D:\\xampp\\htdocs\\MercadilloGitanillo\\app\\Views\\Perfil.php')
 3 SYSTEMPATH\View\View.php(227): CodeIgniter\View\View->CodeIgniter\View\{closure}()
 4 SYSTEMPATH\Common.php(1176): CodeIgniter\View\View->render('Perfil.php', [], true)
 5 APPPATH\Controllers\Home.php(81): view('Perfil.php', [...])
 6 SYSTEMPATH\CodeIgniter.php(932): App\Controllers\Home->verPerfil()
 7 SYSTEMPATH\CodeIgniter.php(497): CodeIgniter\CodeIgniter->runController(Object(App\Controllers\Home))
 8 SYSTEMPATH\CodeIgniter.php(366): CodeIgniter\CodeIgniter->handleRequest(null, Object(Config\Cache), false)
 9 FCPATH\index.php(69): CodeIgniter\CodeIgniter->run()
CRITICAL - 2024-01-05 11:27:24 --> Undefined array key "nombre"
in APPPATH\Views\Perfil.php on line 47.
 1 APPPATH\Views\Perfil.php(47): CodeIgniter\Debug\Exceptions->errorHandler(2, 'Undefined array key "nombre"', 'D:\\xampp\\htdocs\\MercadilloGitanillo\\app\\Views\\Perfil.php', 47)
 2 SYSTEMPATH\View\View.php(224): include('D:\\xampp\\htdocs\\MercadilloGitanillo\\app\\Views\\Perfil.php')
 3 SYSTEMPATH\View\View.php(227): CodeIgniter\View\View->CodeIgniter\View\{closure}()
 4 SYSTEMPATH\Common.php(1176): CodeIgniter\View\View->render('Perfil.php', [], true)
 5 APPPATH\Controllers\Home.php(81): view('Perfil.php', [...])
 6 SYSTEMPATH\CodeIgniter.php(932): App\Controllers\Home->verPerfil()
 7 SYSTEMPATH\CodeIgniter.php(497): CodeIgniter\CodeIgniter->runController(Object(App\Controllers\Home))
 8 SYSTEMPATH\CodeIgniter.php(366): CodeIgniter\CodeIgniter->handleRequest(null, Object(Config\Cache), false)
 9 FCPATH\index.php(69): CodeIgniter\CodeIgniter->run()
CRITICAL - 2024-01-05 11:27:31 --> Undefined array key "articulos"
in APPPATH\Views\Perfil.php on line 47.
 1 APPPATH\Views\Perfil.php(47): CodeIgniter\Debug\Exceptions->errorHandler(2, 'Undefined array key "articulos"', 'D:\\xampp\\htdocs\\MercadilloGitanillo\\app\\Views\\Perfil.php', 47)
 2 SYSTEMPATH\View\View.php(224): include('D:\\xampp\\htdocs\\MercadilloGitanillo\\app\\Views\\Perfil.php')
 3 SYSTEMPATH\View\View.php(227): CodeIgniter\View\View->CodeIgniter\View\{closure}()
 4 SYSTEMPATH\Common.php(1176): CodeIgniter\View\View->render('Perfil.php', [], true)
 5 APPPATH\Controllers\Home.php(81): view('Perfil.php', [...])
 6 SYSTEMPATH\CodeIgniter.php(932): App\Controllers\Home->verPerfil()
 7 SYSTEMPATH\CodeIgniter.php(497): CodeIgniter\CodeIgniter->runController(Object(App\Controllers\Home))
 8 SYSTEMPATH\CodeIgniter.php(366): CodeIgniter\CodeIgniter->handleRequest(null, Object(Config\Cache), false)
 9 FCPATH\index.php(69): CodeIgniter\CodeIgniter->run()
CRITICAL - 2024-01-05 11:27:44 --> Array to string conversion
in APPPATH\Views\Perfil.php on line 47.
 1 APPPATH\Views\Perfil.php(47): CodeIgniter\Debug\Exceptions->errorHandler(2, 'Array to string conversion', 'D:\\xampp\\htdocs\\MercadilloGitanillo\\app\\Views\\Perfil.php', 47)
 2 SYSTEMPATH\View\View.php(224): include('D:\\xampp\\htdocs\\MercadilloGitanillo\\app\\Views\\Perfil.php')
 3 SYSTEMPATH\View\View.php(227): CodeIgniter\View\View->CodeIgniter\View\{closure}()
 4 SYSTEMPATH\Common.php(1176): CodeIgniter\View\View->render('Perfil.php', [], true)
 5 APPPATH\Controllers\Home.php(81): view('Perfil.php', [...])
 6 SYSTEMPATH\CodeIgniter.php(932): App\Controllers\Home->verPerfil()
 7 SYSTEMPATH\CodeIgniter.php(497): CodeIgniter\CodeIgniter->runController(Object(App\Controllers\Home))
 8 SYSTEMPATH\CodeIgniter.php(366): CodeIgniter\CodeIgniter->handleRequest(null, Object(Config\Cache), false)
 9 FCPATH\index.php(69): CodeIgniter\CodeIgniter->run()
CRITICAL - 2024-01-05 11:28:13 --> Undefined array key "nombre"
in APPPATH\Views\Perfil.php on line 47.
 1 APPPATH\Views\Perfil.php(47): CodeIgniter\Debug\Exceptions->errorHandler(2, 'Undefined array key "nombre"', 'D:\\xampp\\htdocs\\MercadilloGitanillo\\app\\Views\\Perfil.php', 47)
 2 SYSTEMPATH\View\View.php(224): include('D:\\xampp\\htdocs\\MercadilloGitanillo\\app\\Views\\Perfil.php')
 3 SYSTEMPATH\View\View.php(227): CodeIgniter\View\View->CodeIgniter\View\{closure}()
 4 SYSTEMPATH\Common.php(1176): CodeIgniter\View\View->render('Perfil.php', [], true)
 5 APPPATH\Controllers\Home.php(81): view('Perfil.php', [...])
 6 SYSTEMPATH\CodeIgniter.php(932): App\Controllers\Home->verPerfil()
 7 SYSTEMPATH\CodeIgniter.php(497): CodeIgniter\CodeIgniter->runController(Object(App\Controllers\Home))
 8 SYSTEMPATH\CodeIgniter.php(366): CodeIgniter\CodeIgniter->handleRequest(null, Object(Config\Cache), false)
 9 FCPATH\index.php(69): CodeIgniter\CodeIgniter->run()
CRITICAL - 2024-01-05 11:33:06 --> syntax error, unexpected variable "$articulo", expecting "," or ";"
in APPPATH\Views\Perfil.php on line 46.
 1 SYSTEMPATH\View\View.php(227): CodeIgniter\View\View->CodeIgniter\View\{closure}()
 2 SYSTEMPATH\Common.php(1176): CodeIgniter\View\View->render('Perfil.php', [], true)
 3 APPPATH\Controllers\Home.php(110): view('Perfil.php')
 4 SYSTEMPATH\CodeIgniter.php(932): App\Controllers\Home->subirProducto()
 5 SYSTEMPATH\CodeIgniter.php(497): CodeIgniter\CodeIgniter->runController(Object(App\Controllers\Home))
 6 SYSTEMPATH\CodeIgniter.php(366): CodeIgniter\CodeIgniter->handleRequest(null, Object(Config\Cache), false)
 7 FCPATH\index.php(69): CodeIgniter\CodeIgniter->run()
CRITICAL - 2024-01-05 11:42:45 --> Call to undefined function App\Controllers\verPerfil()
in APPPATH\Controllers\Home.php on line 110.
 1 SYSTEMPATH\CodeIgniter.php(932): App\Controllers\Home->subirProducto()
 2 SYSTEMPATH\CodeIgniter.php(497): CodeIgniter\CodeIgniter->runController(Object(App\Controllers\Home))
 3 SYSTEMPATH\CodeIgniter.php(366): CodeIgniter\CodeIgniter->handleRequest(null, Object(Config\Cache), false)
 4 FCPATH\index.php(69): CodeIgniter\CodeIgniter->run()
CRITICAL - 2024-01-05 11:46:52 --> session_start(): Ignoring session_start() because a session is already active
in APPPATH\Controllers\Home.php on line 69.
 1 [internal function]: CodeIgniter\Debug\Exceptions->errorHandler(8, 'session_start(): Ignoring session_start() because a session is already active', 'D:\\xampp\\htdocs\\MercadilloGitanillo\\app\\Controllers\\Home.php', 69)
 2 APPPATH\Controllers\Home.php(69): session_start()
 3 APPPATH\Controllers\Home.php(112): App\Controllers\Home->verPerfil()
 4 SYSTEMPATH\CodeIgniter.php(932): App\Controllers\Home->subirProducto()
 5 SYSTEMPATH\CodeIgniter.php(497): CodeIgniter\CodeIgniter->runController(Object(App\Controllers\Home))
 6 SYSTEMPATH\CodeIgniter.php(366): CodeIgniter\CodeIgniter->handleRequest(null, Object(Config\Cache), false)
 7 FCPATH\index.php(69): CodeIgniter\CodeIgniter->run()
CRITICAL - 2024-01-05 11:47:55 --> Call to a member function getPost() on null
in APPPATH\Controllers\Home.php on line 79.
 1 APPPATH\Controllers\Home.php(114): App\Controllers\Home->verPerfil()
 2 SYSTEMPATH\CodeIgniter.php(932): App\Controllers\Home->subirProducto()
 3 SYSTEMPATH\CodeIgniter.php(497): CodeIgniter\CodeIgniter->runController(Object(App\Controllers\Home))
 4 SYSTEMPATH\CodeIgniter.php(366): CodeIgniter\CodeIgniter->handleRequest(null, Object(Config\Cache), false)
 5 FCPATH\index.php(69): CodeIgniter\CodeIgniter->run()
CRITICAL - 2024-01-05 11:49:25 --> Call to a member function getPost() on null
in APPPATH\Controllers\Home.php on line 79.
 1 APPPATH\Controllers\Home.php(114): App\Controllers\Home->verPerfil()
 2 SYSTEMPATH\CodeIgniter.php(932): App\Controllers\Home->subirProducto()
 3 SYSTEMPATH\CodeIgniter.php(497): CodeIgniter\CodeIgniter->runController(Object(App\Controllers\Home))
 4 SYSTEMPATH\CodeIgniter.php(366): CodeIgniter\CodeIgniter->handleRequest(null, Object(Config\Cache), false)
 5 FCPATH\index.php(69): CodeIgniter\CodeIgniter->run()
CRITICAL - 2024-01-05 11:52:54 --> Cannot use isset() on the result of an expression (you can use "null !== expression" instead)
in APPPATH\Controllers\Home.php on line 79.
 1 [internal function]: CodeIgniter\Debug\Exceptions->shutdownHandler()
CRITICAL - 2024-01-05 11:53:07 --> Cannot use isset() on the result of an expression (you can use "null !== expression" instead)
in APPPATH\Controllers\Home.php on line 79.
 1 [internal function]: CodeIgniter\Debug\Exceptions->shutdownHandler()
CRITICAL - 2024-01-05 11:53:39 --> Call to undefined function App\Controllers\getPost()
in APPPATH\Controllers\Home.php on line 79.
 1 APPPATH\Controllers\Home.php(114): App\Controllers\Home->verPerfil()
 2 SYSTEMPATH\CodeIgniter.php(932): App\Controllers\Home->subirProducto()
 3 SYSTEMPATH\CodeIgniter.php(497): CodeIgniter\CodeIgniter->runController(Object(App\Controllers\Home))
 4 SYSTEMPATH\CodeIgniter.php(366): CodeIgniter\CodeIgniter->handleRequest(null, Object(Config\Cache), false)
 5 FCPATH\index.php(69): CodeIgniter\CodeIgniter->run()
CRITICAL - 2024-01-05 11:54:00 --> Call to undefined function App\Controllers\getPost()
in APPPATH\Controllers\Home.php on line 79.
 1 APPPATH\Controllers\Home.php(114): App\Controllers\Home->verPerfil()
 2 SYSTEMPATH\CodeIgniter.php(932): App\Controllers\Home->subirProducto()
 3 SYSTEMPATH\CodeIgniter.php(497): CodeIgniter\CodeIgniter->runController(Object(App\Controllers\Home))
 4 SYSTEMPATH\CodeIgniter.php(366): CodeIgniter\CodeIgniter->handleRequest(null, Object(Config\Cache), false)
 5 FCPATH\index.php(69): CodeIgniter\CodeIgniter->run()
CRITICAL - 2024-01-05 11:54:35 --> Call to a member function getPost() on null
in APPPATH\Controllers\Home.php on line 79.
 1 APPPATH\Controllers\Home.php(114): App\Controllers\Home->verPerfil()
 2 SYSTEMPATH\CodeIgniter.php(932): App\Controllers\Home->subirProducto()
 3 SYSTEMPATH\CodeIgniter.php(497): CodeIgniter\CodeIgniter->runController(Object(App\Controllers\Home))
 4 SYSTEMPATH\CodeIgniter.php(366): CodeIgniter\CodeIgniter->handleRequest(null, Object(Config\Cache), false)
 5 FCPATH\index.php(69): CodeIgniter\CodeIgniter->run()
CRITICAL - 2024-01-05 11:56:28 --> Call to undefined function App\Controllers\method_exist()
in APPPATH\Controllers\Home.php on line 79.
 1 APPPATH\Controllers\Home.php(114): App\Controllers\Home->verPerfil()
 2 SYSTEMPATH\CodeIgniter.php(932): App\Controllers\Home->subirProducto()
 3 SYSTEMPATH\CodeIgniter.php(497): CodeIgniter\CodeIgniter->runController(Object(App\Controllers\Home))
 4 SYSTEMPATH\CodeIgniter.php(366): CodeIgniter\CodeIgniter->handleRequest(null, Object(Config\Cache), false)
 5 FCPATH\index.php(69): CodeIgniter\CodeIgniter->run()
CRITICAL - 2024-01-05 11:56:59 --> Call to a member function getPost() on null
in APPPATH\Controllers\Home.php on line 79.
 1 APPPATH\Controllers\Home.php(114): App\Controllers\Home->verPerfil()
 2 SYSTEMPATH\CodeIgniter.php(932): App\Controllers\Home->subirProducto()
 3 SYSTEMPATH\CodeIgniter.php(497): CodeIgniter\CodeIgniter->runController(Object(App\Controllers\Home))
 4 SYSTEMPATH\CodeIgniter.php(366): CodeIgniter\CodeIgniter->handleRequest(null, Object(Config\Cache), false)
 5 FCPATH\index.php(69): CodeIgniter\CodeIgniter->run()
CRITICAL - 2024-01-05 11:58:23 --> Call to undefined function App\Controllers\getPost()
in APPPATH\Controllers\Home.php on line 79.
 1 APPPATH\Controllers\Home.php(114): App\Controllers\Home->verPerfil()
 2 SYSTEMPATH\CodeIgniter.php(932): App\Controllers\Home->subirProducto()
 3 SYSTEMPATH\CodeIgniter.php(497): CodeIgniter\CodeIgniter->runController(Object(App\Controllers\Home))
 4 SYSTEMPATH\CodeIgniter.php(366): CodeIgniter\CodeIgniter->handleRequest(null, Object(Config\Cache), false)
 5 FCPATH\index.php(69): CodeIgniter\CodeIgniter->run()
CRITICAL - 2024-01-05 11:58:37 --> Call to undefined function App\Controllers\getPost()
in APPPATH\Controllers\Home.php on line 79.
 1 APPPATH\Controllers\Home.php(114): App\Controllers\Home->verPerfil()
 2 SYSTEMPATH\CodeIgniter.php(932): App\Controllers\Home->subirProducto()
 3 SYSTEMPATH\CodeIgniter.php(497): CodeIgniter\CodeIgniter->runController(Object(App\Controllers\Home))
 4 SYSTEMPATH\CodeIgniter.php(366): CodeIgniter\CodeIgniter->handleRequest(null, Object(Config\Cache), false)
 5 FCPATH\index.php(69): CodeIgniter\CodeIgniter->run()
CRITICAL - 2024-01-05 12:02:34 --> Call to a member function getPost() on null
in APPPATH\Controllers\Home.php on line 79.
 1 APPPATH\Controllers\Home.php(114): App\Controllers\Home->verPerfil()
 2 SYSTEMPATH\CodeIgniter.php(932): App\Controllers\Home->subirProducto()
 3 SYSTEMPATH\CodeIgniter.php(497): CodeIgniter\CodeIgniter->runController(Object(App\Controllers\Home))
 4 SYSTEMPATH\CodeIgniter.php(366): CodeIgniter\CodeIgniter->handleRequest(null, Object(Config\Cache), false)
 5 FCPATH\index.php(69): CodeIgniter\CodeIgniter->run()
CRITICAL - 2024-01-05 12:22:00 --> Undefined array key "extension"
in APPPATH\Controllers\Home.php on line 98.
 1 APPPATH\Controllers\Home.php(98): CodeIgniter\Debug\Exceptions->errorHandler(2, 'Undefined array key "extension"', 'D:\\xampp\\htdocs\\MercadilloGitanillo\\app\\Controllers\\Home.php', 98)
 2 SYSTEMPATH\CodeIgniter.php(932): App\Controllers\Home->subirProducto()
 3 SYSTEMPATH\CodeIgniter.php(497): CodeIgniter\CodeIgniter->runController(Object(App\Controllers\Home))
 4 SYSTEMPATH\CodeIgniter.php(366): CodeIgniter\CodeIgniter->handleRequest(null, Object(Config\Cache), false)
 5 FCPATH\index.php(69): CodeIgniter\CodeIgniter->run()
CRITICAL - 2024-01-05 12:25:32 --> Undefined array key "extension"
in APPPATH\Controllers\Home.php on line 99.
 1 APPPATH\Controllers\Home.php(99): CodeIgniter\Debug\Exceptions->errorHandler(2, 'Undefined array key "extension"', 'D:\\xampp\\htdocs\\MercadilloGitanillo\\app\\Controllers\\Home.php', 99)
 2 SYSTEMPATH\CodeIgniter.php(932): App\Controllers\Home->subirProducto()
 3 SYSTEMPATH\CodeIgniter.php(497): CodeIgniter\CodeIgniter->runController(Object(App\Controllers\Home))
 4 SYSTEMPATH\CodeIgniter.php(366): CodeIgniter\CodeIgniter->handleRequest(null, Object(Config\Cache), false)
 5 FCPATH\index.php(69): CodeIgniter\CodeIgniter->run()
