CRITICAL - 2024-01-10 07:32:43 --> Can't use method return value in write context
in APPPATH\Controllers\Home.php on line 113.
 1 [internal function]: CodeIgniter\Debug\Exceptions->shutdownHandler()
CRITICAL - 2024-01-10 07:39:54 --> Undefined variable $todobien
in APPPATH\Models\Modelo.php on line 39.
 1 APPPATH\Models\Modelo.php(39): CodeIgniter\Debug\Exceptions->errorHandler(2, 'Undefined variable $todobien', 'C:\\xampp\\htdocs\\MercadilloGitanillo\\app\\Models\\Modelo.php', 39)
 2 APPPATH\Controllers\Home.php(113): App\models\Modelo->insertaProducto('1', 'aa', 'aaa', 'Chatarra', 'Nuevo', '1', '1aa.png')
 3 SYSTEMPATH\CodeIgniter.php(932): App\Controllers\Home->subirAguacate()
 4 SYSTEMPATH\CodeIgniter.php(497): CodeIgniter\CodeIgniter->runController(Object(App\Controllers\Home))
 5 SYSTEMPATH\CodeIgniter.php(366): CodeIgniter\CodeIgniter->handleRequest(null, Object(Config\Cache), false)
 6 FCPATH\index.php(69): CodeIgniter\CodeIgniter->run()
ERROR - 2024-01-10 07:40:17 --> mysqli_sql_exception: Duplicate entry '1-aa-aaa-1aa.png' for key 'cod_usuario' in C:\xampp\htdocs\MercadilloGitanillo\system\Database\MySQLi\Connection.php:295
Stack trace:
#0 C:\xampp\htdocs\MercadilloGitanillo\system\Database\MySQLi\Connection.php(295): mysqli->query('INSERT INTO art...', 0)
#1 C:\xampp\htdocs\MercadilloGitanillo\system\Database\BaseConnection.php(692): CodeIgniter\Database\MySQLi\Connection->execute('INSERT INTO art...')
#2 C:\xampp\htdocs\MercadilloGitanillo\system\Database\BaseConnection.php(606): CodeIgniter\Database\BaseConnection->simpleQuery('INSERT INTO art...')
#3 C:\xampp\htdocs\MercadilloGitanillo\app\Models\Modelo.php(37): CodeIgniter\Database\BaseConnection->query('INSERT INTO art...', Array)
#4 C:\xampp\htdocs\MercadilloGitanillo\app\Controllers\Home.php(113): App\models\Modelo->insertaProducto('1', 'aa', 'aaa', 'Chatarra', 'Nuevo', '1', '1aa.png')
#5 C:\xampp\htdocs\MercadilloGitanillo\system\CodeIgniter.php(932): App\Controllers\Home->subirAguacate()
#6 C:\xampp\htdocs\MercadilloGitanillo\system\CodeIgniter.php(497): CodeIgniter\CodeIgniter->runController(Object(App\Controllers\Home))
#7 C:\xampp\htdocs\MercadilloGitanillo\system\CodeIgniter.php(366): CodeIgniter\CodeIgniter->handleRequest(NULL, Object(Config\Cache), false)
#8 C:\xampp\htdocs\MercadilloGitanillo\public\index.php(69): CodeIgniter\CodeIgniter->run()
#9 {main}
CRITICAL - 2024-01-10 07:40:17 --> Duplicate entry '1-aa-aaa-1aa.png' for key 'cod_usuario'
in SYSTEMPATH\Database\MySQLi\Connection.php on line 295.
 1 SYSTEMPATH\Database\MySQLi\Connection.php(295): mysqli->query('INSERT INTO articulos (cod_usuario,nombre,descripcion,foto,precio,categoria,estado,activo)
                VALUES(\'1\',\'aa\',\'aaa\',\'1aa.png\',\'1\',\'Chatarra\',\'Nuevo\',1)', 0)
 2 SYSTEMPATH\Database\BaseConnection.php(692): CodeIgniter\Database\MySQLi\Connection->execute('INSERT INTO articulos (cod_usuario,nombre,descripcion,foto,precio,categoria,estado,activo)
                VALUES(\'1\',\'aa\',\'aaa\',\'1aa.png\',\'1\',\'Chatarra\',\'Nuevo\',1)')
 3 SYSTEMPATH\Database\BaseConnection.php(606): CodeIgniter\Database\BaseConnection->simpleQuery('INSERT INTO articulos (cod_usuario,nombre,descripcion,foto,precio,categoria,estado,activo)
                VALUES(\'1\',\'aa\',\'aaa\',\'1aa.png\',\'1\',\'Chatarra\',\'Nuevo\',1)')
 4 APPPATH\Models\Modelo.php(37): CodeIgniter\Database\BaseConnection->query('INSERT INTO articulos (cod_usuario,nombre,descripcion,foto,precio,categoria,estado,activo)
                VALUES(?,?,?,?,?,?,?,?)', [...])
 5 APPPATH\Controllers\Home.php(113): App\models\Modelo->insertaProducto('1', 'aa', 'aaa', 'Chatarra', 'Nuevo', '1', '1aa.png')
 6 SYSTEMPATH\CodeIgniter.php(932): App\Controllers\Home->subirAguacate()
 7 SYSTEMPATH\CodeIgniter.php(497): CodeIgniter\CodeIgniter->runController(Object(App\Controllers\Home))
 8 SYSTEMPATH\CodeIgniter.php(366): CodeIgniter\CodeIgniter->handleRequest(null, Object(Config\Cache), false)
 9 FCPATH\index.php(69): CodeIgniter\CodeIgniter->run()
ERROR - 2024-01-10 07:42:27 --> mysqli_sql_exception: Duplicate entry '1-aa-aaa-1aa.png' for key 'cod_usuario' in C:\xampp\htdocs\MercadilloGitanillo\system\Database\MySQLi\Connection.php:295
Stack trace:
#0 C:\xampp\htdocs\MercadilloGitanillo\system\Database\MySQLi\Connection.php(295): mysqli->query('INSERT INTO art...', 0)
#1 C:\xampp\htdocs\MercadilloGitanillo\system\Database\BaseConnection.php(692): CodeIgniter\Database\MySQLi\Connection->execute('INSERT INTO art...')
#2 C:\xampp\htdocs\MercadilloGitanillo\system\Database\BaseConnection.php(606): CodeIgniter\Database\BaseConnection->simpleQuery('INSERT INTO art...')
#3 C:\xampp\htdocs\MercadilloGitanillo\app\Models\Modelo.php(38): CodeIgniter\Database\BaseConnection->query('INSERT INTO art...', Array)
#4 C:\xampp\htdocs\MercadilloGitanillo\app\Controllers\Home.php(113): App\models\Modelo->insertaProducto('1', 'aa', 'aaa', 'Chatarra', 'Nuevo', '1', '1aa.png')
#5 C:\xampp\htdocs\MercadilloGitanillo\system\CodeIgniter.php(932): App\Controllers\Home->subirAguacate()
#6 C:\xampp\htdocs\MercadilloGitanillo\system\CodeIgniter.php(497): CodeIgniter\CodeIgniter->runController(Object(App\Controllers\Home))
#7 C:\xampp\htdocs\MercadilloGitanillo\system\CodeIgniter.php(366): CodeIgniter\CodeIgniter->handleRequest(NULL, Object(Config\Cache), false)
#8 C:\xampp\htdocs\MercadilloGitanillo\public\index.php(69): CodeIgniter\CodeIgniter->run()
#9 {main}
CRITICAL - 2024-01-10 07:42:27 --> Duplicate entry '1-aa-aaa-1aa.png' for key 'cod_usuario'
in SYSTEMPATH\Database\MySQLi\Connection.php on line 295.
 1 SYSTEMPATH\Database\MySQLi\Connection.php(295): mysqli->query('INSERT INTO articulos (cod_usuario,nombre,descripcion,foto,precio,categoria,estado,activo)
                VALUES(\'1\',\'aa\',\'aaa\',\'1aa.png\',\'1\',\'Chatarra\',\'Nuevo\',1)', 0)
 2 SYSTEMPATH\Database\BaseConnection.php(692): CodeIgniter\Database\MySQLi\Connection->execute('INSERT INTO articulos (cod_usuario,nombre,descripcion,foto,precio,categoria,estado,activo)
                VALUES(\'1\',\'aa\',\'aaa\',\'1aa.png\',\'1\',\'Chatarra\',\'Nuevo\',1)')
 3 SYSTEMPATH\Database\BaseConnection.php(606): CodeIgniter\Database\BaseConnection->simpleQuery('INSERT INTO articulos (cod_usuario,nombre,descripcion,foto,precio,categoria,estado,activo)
                VALUES(\'1\',\'aa\',\'aaa\',\'1aa.png\',\'1\',\'Chatarra\',\'Nuevo\',1)')
 4 APPPATH\Models\Modelo.php(38): CodeIgniter\Database\BaseConnection->query('INSERT INTO articulos (cod_usuario,nombre,descripcion,foto,precio,categoria,estado,activo)
                VALUES(?,?,?,?,?,?,?,?)', [...])
 5 APPPATH\Controllers\Home.php(113): App\models\Modelo->insertaProducto('1', 'aa', 'aaa', 'Chatarra', 'Nuevo', '1', '1aa.png')
 6 SYSTEMPATH\CodeIgniter.php(932): App\Controllers\Home->subirAguacate()
 7 SYSTEMPATH\CodeIgniter.php(497): CodeIgniter\CodeIgniter->runController(Object(App\Controllers\Home))
 8 SYSTEMPATH\CodeIgniter.php(366): CodeIgniter\CodeIgniter->handleRequest(null, Object(Config\Cache), false)
 9 FCPATH\index.php(69): CodeIgniter\CodeIgniter->run()
ERROR - 2024-01-10 07:45:08 --> mysqli_sql_exception: Duplicate entry '1-aa-aaa-1aa.png' for key 'cod_usuario' in C:\xampp\htdocs\MercadilloGitanillo\system\Database\MySQLi\Connection.php:295
Stack trace:
#0 C:\xampp\htdocs\MercadilloGitanillo\system\Database\MySQLi\Connection.php(295): mysqli->query('INSERT INTO art...', 0)
#1 C:\xampp\htdocs\MercadilloGitanillo\system\Database\BaseConnection.php(692): CodeIgniter\Database\MySQLi\Connection->execute('INSERT INTO art...')
#2 C:\xampp\htdocs\MercadilloGitanillo\system\Database\BaseConnection.php(606): CodeIgniter\Database\BaseConnection->simpleQuery('INSERT INTO art...')
#3 C:\xampp\htdocs\MercadilloGitanillo\app\Models\Modelo.php(38): CodeIgniter\Database\BaseConnection->query('INSERT INTO art...', Array)
#4 C:\xampp\htdocs\MercadilloGitanillo\app\Controllers\Home.php(113): App\models\Modelo->insertaProducto('1', 'aa', 'aaa', 'Chatarra', 'Nuevo', '1', '1aa.png')
#5 C:\xampp\htdocs\MercadilloGitanillo\system\CodeIgniter.php(932): App\Controllers\Home->subirAguacate()
#6 C:\xampp\htdocs\MercadilloGitanillo\system\CodeIgniter.php(497): CodeIgniter\CodeIgniter->runController(Object(App\Controllers\Home))
#7 C:\xampp\htdocs\MercadilloGitanillo\system\CodeIgniter.php(366): CodeIgniter\CodeIgniter->handleRequest(NULL, Object(Config\Cache), false)
#8 C:\xampp\htdocs\MercadilloGitanillo\public\index.php(69): CodeIgniter\CodeIgniter->run()
#9 {main}
CRITICAL - 2024-01-10 07:45:08 --> Duplicate entry '1-aa-aaa-1aa.png' for key 'cod_usuario'
in SYSTEMPATH\Database\MySQLi\Connection.php on line 295.
 1 SYSTEMPATH\Database\MySQLi\Connection.php(295): mysqli->query('INSERT INTO articulos (cod_usuario,nombre,descripcion,foto,precio,categoria,estado,activo)
                VALUES(\'1\',\'aa\',\'aaa\',\'1aa.png\',\'1\',\'Chatarra\',\'Nuevo\',1)', 0)
 2 SYSTEMPATH\Database\BaseConnection.php(692): CodeIgniter\Database\MySQLi\Connection->execute('INSERT INTO articulos (cod_usuario,nombre,descripcion,foto,precio,categoria,estado,activo)
                VALUES(\'1\',\'aa\',\'aaa\',\'1aa.png\',\'1\',\'Chatarra\',\'Nuevo\',1)')
 3 SYSTEMPATH\Database\BaseConnection.php(606): CodeIgniter\Database\BaseConnection->simpleQuery('INSERT INTO articulos (cod_usuario,nombre,descripcion,foto,precio,categoria,estado,activo)
                VALUES(\'1\',\'aa\',\'aaa\',\'1aa.png\',\'1\',\'Chatarra\',\'Nuevo\',1)')
 4 APPPATH\Models\Modelo.php(38): CodeIgniter\Database\BaseConnection->query('INSERT INTO articulos (cod_usuario,nombre,descripcion,foto,precio,categoria,estado,activo)
                VALUES(?,?,?,?,?,?,?,?)', [...])
 5 APPPATH\Controllers\Home.php(113): App\models\Modelo->insertaProducto('1', 'aa', 'aaa', 'Chatarra', 'Nuevo', '1', '1aa.png')
 6 SYSTEMPATH\CodeIgniter.php(932): App\Controllers\Home->subirAguacate()
 7 SYSTEMPATH\CodeIgniter.php(497): CodeIgniter\CodeIgniter->runController(Object(App\Controllers\Home))
 8 SYSTEMPATH\CodeIgniter.php(366): CodeIgniter\CodeIgniter->handleRequest(null, Object(Config\Cache), false)
 9 FCPATH\index.php(69): CodeIgniter\CodeIgniter->run()
CRITICAL - 2024-01-10 07:46:40 --> syntax error, unexpected token "}"
in APPPATH\Models\Modelo.php on line 38.
 1 SYSTEMPATH\Autoloader\Autoloader.php(291): CodeIgniter\Autoloader\Autoloader->includeFile('C:\\xampp\\htdocs\\MercadilloGitanillo\\app\\Models\\Modelo.php')
 2 SYSTEMPATH\Autoloader\Autoloader.php(269): CodeIgniter\Autoloader\Autoloader->loadInNamespace('App\\Models\\Modelo')
 3 APPPATH\Controllers\Home.php(111): CodeIgniter\Autoloader\Autoloader->loadClass('App\\Models\\Modelo')
 4 SYSTEMPATH\CodeIgniter.php(932): App\Controllers\Home->subirAguacate()
 5 SYSTEMPATH\CodeIgniter.php(497): CodeIgniter\CodeIgniter->runController(Object(App\Controllers\Home))
 6 SYSTEMPATH\CodeIgniter.php(366): CodeIgniter\CodeIgniter->handleRequest(null, Object(Config\Cache), false)
 7 FCPATH\index.php(69): CodeIgniter\CodeIgniter->run()
ERROR - 2024-01-10 07:47:20 --> mysqli_sql_exception: Duplicate entry '1-aa-aaa-1aa.png' for key 'cod_usuario' in C:\xampp\htdocs\MercadilloGitanillo\system\Database\MySQLi\Connection.php:295
Stack trace:
#0 C:\xampp\htdocs\MercadilloGitanillo\system\Database\MySQLi\Connection.php(295): mysqli->query('INSERT INTO art...', 0)
#1 C:\xampp\htdocs\MercadilloGitanillo\system\Database\BaseConnection.php(692): CodeIgniter\Database\MySQLi\Connection->execute('INSERT INTO art...')
#2 C:\xampp\htdocs\MercadilloGitanillo\system\Database\BaseConnection.php(606): CodeIgniter\Database\BaseConnection->simpleQuery('INSERT INTO art...')
#3 C:\xampp\htdocs\MercadilloGitanillo\app\Models\Modelo.php(37): CodeIgniter\Database\BaseConnection->query('INSERT INTO art...', Array)
#4 C:\xampp\htdocs\MercadilloGitanillo\app\Controllers\Home.php(113): App\models\Modelo->insertaProducto('1', 'aa', 'aaa', 'Chatarra', 'Nuevo', '1', '1aa.png')
#5 C:\xampp\htdocs\MercadilloGitanillo\system\CodeIgniter.php(932): App\Controllers\Home->subirAguacate()
#6 C:\xampp\htdocs\MercadilloGitanillo\system\CodeIgniter.php(497): CodeIgniter\CodeIgniter->runController(Object(App\Controllers\Home))
#7 C:\xampp\htdocs\MercadilloGitanillo\system\CodeIgniter.php(366): CodeIgniter\CodeIgniter->handleRequest(NULL, Object(Config\Cache), false)
#8 C:\xampp\htdocs\MercadilloGitanillo\public\index.php(69): CodeIgniter\CodeIgniter->run()
#9 {main}
CRITICAL - 2024-01-10 07:47:20 --> Duplicate entry '1-aa-aaa-1aa.png' for key 'cod_usuario'
in SYSTEMPATH\Database\MySQLi\Connection.php on line 295.
 1 SYSTEMPATH\Database\MySQLi\Connection.php(295): mysqli->query('INSERT INTO articulos (cod_usuario,nombre,descripcion,foto,precio,categoria,estado,activo)
                VALUES(\'1\',\'aa\',\'aaa\',\'1aa.png\',\'1\',\'Chatarra\',\'Nuevo\',1)', 0)
 2 SYSTEMPATH\Database\BaseConnection.php(692): CodeIgniter\Database\MySQLi\Connection->execute('INSERT INTO articulos (cod_usuario,nombre,descripcion,foto,precio,categoria,estado,activo)
                VALUES(\'1\',\'aa\',\'aaa\',\'1aa.png\',\'1\',\'Chatarra\',\'Nuevo\',1)')
 3 SYSTEMPATH\Database\BaseConnection.php(606): CodeIgniter\Database\BaseConnection->simpleQuery('INSERT INTO articulos (cod_usuario,nombre,descripcion,foto,precio,categoria,estado,activo)
                VALUES(\'1\',\'aa\',\'aaa\',\'1aa.png\',\'1\',\'Chatarra\',\'Nuevo\',1)')
 4 APPPATH\Models\Modelo.php(37): CodeIgniter\Database\BaseConnection->query('INSERT INTO articulos (cod_usuario,nombre,descripcion,foto,precio,categoria,estado,activo)
                VALUES(?,?,?,?,?,?,?,?)', [...])
 5 APPPATH\Controllers\Home.php(113): App\models\Modelo->insertaProducto('1', 'aa', 'aaa', 'Chatarra', 'Nuevo', '1', '1aa.png')
 6 SYSTEMPATH\CodeIgniter.php(932): App\Controllers\Home->subirAguacate()
 7 SYSTEMPATH\CodeIgniter.php(497): CodeIgniter\CodeIgniter->runController(Object(App\Controllers\Home))
 8 SYSTEMPATH\CodeIgniter.php(366): CodeIgniter\CodeIgniter->handleRequest(null, Object(Config\Cache), false)
 9 FCPATH\index.php(69): CodeIgniter\CodeIgniter->run()
ERROR - 2024-01-10 07:51:37 --> mysqli_sql_exception: Duplicate entry '1-aa-aaa-1aa.png' for key 'cod_usuario' in C:\xampp\htdocs\MercadilloGitanillo\system\Database\MySQLi\Connection.php:295
Stack trace:
#0 C:\xampp\htdocs\MercadilloGitanillo\system\Database\MySQLi\Connection.php(295): mysqli->query('INSERT INTO art...', 0)
#1 C:\xampp\htdocs\MercadilloGitanillo\system\Database\BaseConnection.php(692): CodeIgniter\Database\MySQLi\Connection->execute('INSERT INTO art...')
#2 C:\xampp\htdocs\MercadilloGitanillo\system\Database\BaseConnection.php(606): CodeIgniter\Database\BaseConnection->simpleQuery('INSERT INTO art...')
#3 C:\xampp\htdocs\MercadilloGitanillo\app\Models\Modelo.php(38): CodeIgniter\Database\BaseConnection->query('INSERT INTO art...', Array)
#4 C:\xampp\htdocs\MercadilloGitanillo\app\Controllers\Home.php(113): App\models\Modelo->insertaProducto('1', 'aa', 'aaa', 'Chatarra', 'Nuevo', '1', '1aa.png')
#5 C:\xampp\htdocs\MercadilloGitanillo\system\CodeIgniter.php(932): App\Controllers\Home->subirAguacate()
#6 C:\xampp\htdocs\MercadilloGitanillo\system\CodeIgniter.php(497): CodeIgniter\CodeIgniter->runController(Object(App\Controllers\Home))
#7 C:\xampp\htdocs\MercadilloGitanillo\system\CodeIgniter.php(366): CodeIgniter\CodeIgniter->handleRequest(NULL, Object(Config\Cache), false)
#8 C:\xampp\htdocs\MercadilloGitanillo\public\index.php(69): CodeIgniter\CodeIgniter->run()
#9 {main}
CRITICAL - 2024-01-10 07:51:37 --> Duplicate entry '1-aa-aaa-1aa.png' for key 'cod_usuario'
in SYSTEMPATH\Database\MySQLi\Connection.php on line 295.
 1 SYSTEMPATH\Database\MySQLi\Connection.php(295): mysqli->query('INSERT INTO articulos (cod_usuario,nombre,descripcion,foto,precio,categoria,estado,activo)
                VALUES(\'1\',\'aa\',\'aaa\',\'1aa.png\',\'1\',\'Chatarra\',\'Nuevo\',1)', 0)
 2 SYSTEMPATH\Database\BaseConnection.php(692): CodeIgniter\Database\MySQLi\Connection->execute('INSERT INTO articulos (cod_usuario,nombre,descripcion,foto,precio,categoria,estado,activo)
                VALUES(\'1\',\'aa\',\'aaa\',\'1aa.png\',\'1\',\'Chatarra\',\'Nuevo\',1)')
 3 SYSTEMPATH\Database\BaseConnection.php(606): CodeIgniter\Database\BaseConnection->simpleQuery('INSERT INTO articulos (cod_usuario,nombre,descripcion,foto,precio,categoria,estado,activo)
                VALUES(\'1\',\'aa\',\'aaa\',\'1aa.png\',\'1\',\'Chatarra\',\'Nuevo\',1)')
 4 APPPATH\Models\Modelo.php(38): CodeIgniter\Database\BaseConnection->query('INSERT INTO articulos (cod_usuario,nombre,descripcion,foto,precio,categoria,estado,activo)
                VALUES(?,?,?,?,?,?,?,?)', [...])
 5 APPPATH\Controllers\Home.php(113): App\models\Modelo->insertaProducto('1', 'aa', 'aaa', 'Chatarra', 'Nuevo', '1', '1aa.png')
 6 SYSTEMPATH\CodeIgniter.php(932): App\Controllers\Home->subirAguacate()
 7 SYSTEMPATH\CodeIgniter.php(497): CodeIgniter\CodeIgniter->runController(Object(App\Controllers\Home))
 8 SYSTEMPATH\CodeIgniter.php(366): CodeIgniter\CodeIgniter->handleRequest(null, Object(Config\Cache), false)
 9 FCPATH\index.php(69): CodeIgniter\CodeIgniter->run()
ERROR - 2024-01-10 07:51:40 --> mysqli_sql_exception: Duplicate entry '1-aa-aaa-1aa.png' for key 'cod_usuario' in C:\xampp\htdocs\MercadilloGitanillo\system\Database\MySQLi\Connection.php:295
Stack trace:
#0 C:\xampp\htdocs\MercadilloGitanillo\system\Database\MySQLi\Connection.php(295): mysqli->query('INSERT INTO art...', 0)
#1 C:\xampp\htdocs\MercadilloGitanillo\system\Database\BaseConnection.php(692): CodeIgniter\Database\MySQLi\Connection->execute('INSERT INTO art...')
#2 C:\xampp\htdocs\MercadilloGitanillo\system\Database\BaseConnection.php(606): CodeIgniter\Database\BaseConnection->simpleQuery('INSERT INTO art...')
#3 C:\xampp\htdocs\MercadilloGitanillo\app\Models\Modelo.php(38): CodeIgniter\Database\BaseConnection->query('INSERT INTO art...', Array)
#4 C:\xampp\htdocs\MercadilloGitanillo\app\Controllers\Home.php(113): App\models\Modelo->insertaProducto('1', 'aa', 'aaa', 'Chatarra', 'Nuevo', '1', '1aa.png')
#5 C:\xampp\htdocs\MercadilloGitanillo\system\CodeIgniter.php(932): App\Controllers\Home->subirAguacate()
#6 C:\xampp\htdocs\MercadilloGitanillo\system\CodeIgniter.php(497): CodeIgniter\CodeIgniter->runController(Object(App\Controllers\Home))
#7 C:\xampp\htdocs\MercadilloGitanillo\system\CodeIgniter.php(366): CodeIgniter\CodeIgniter->handleRequest(NULL, Object(Config\Cache), false)
#8 C:\xampp\htdocs\MercadilloGitanillo\public\index.php(69): CodeIgniter\CodeIgniter->run()
#9 {main}
CRITICAL - 2024-01-10 07:51:40 --> Duplicate entry '1-aa-aaa-1aa.png' for key 'cod_usuario'
in SYSTEMPATH\Database\MySQLi\Connection.php on line 295.
 1 SYSTEMPATH\Database\MySQLi\Connection.php(295): mysqli->query('INSERT INTO articulos (cod_usuario,nombre,descripcion,foto,precio,categoria,estado,activo)
                VALUES(\'1\',\'aa\',\'aaa\',\'1aa.png\',\'1\',\'Chatarra\',\'Nuevo\',1)', 0)
 2 SYSTEMPATH\Database\BaseConnection.php(692): CodeIgniter\Database\MySQLi\Connection->execute('INSERT INTO articulos (cod_usuario,nombre,descripcion,foto,precio,categoria,estado,activo)
                VALUES(\'1\',\'aa\',\'aaa\',\'1aa.png\',\'1\',\'Chatarra\',\'Nuevo\',1)')
 3 SYSTEMPATH\Database\BaseConnection.php(606): CodeIgniter\Database\BaseConnection->simpleQuery('INSERT INTO articulos (cod_usuario,nombre,descripcion,foto,precio,categoria,estado,activo)
                VALUES(\'1\',\'aa\',\'aaa\',\'1aa.png\',\'1\',\'Chatarra\',\'Nuevo\',1)')
 4 APPPATH\Models\Modelo.php(38): CodeIgniter\Database\BaseConnection->query('INSERT INTO articulos (cod_usuario,nombre,descripcion,foto,precio,categoria,estado,activo)
                VALUES(?,?,?,?,?,?,?,?)', [...])
 5 APPPATH\Controllers\Home.php(113): App\models\Modelo->insertaProducto('1', 'aa', 'aaa', 'Chatarra', 'Nuevo', '1', '1aa.png')
 6 SYSTEMPATH\CodeIgniter.php(932): App\Controllers\Home->subirAguacate()
 7 SYSTEMPATH\CodeIgniter.php(497): CodeIgniter\CodeIgniter->runController(Object(App\Controllers\Home))
 8 SYSTEMPATH\CodeIgniter.php(366): CodeIgniter\CodeIgniter->handleRequest(null, Object(Config\Cache), false)
 9 FCPATH\index.php(69): CodeIgniter\CodeIgniter->run()
ERROR - 2024-01-10 07:51:43 --> mysqli_sql_exception: Duplicate entry '1-aa-aaa-1aa.png' for key 'cod_usuario' in C:\xampp\htdocs\MercadilloGitanillo\system\Database\MySQLi\Connection.php:295
Stack trace:
#0 C:\xampp\htdocs\MercadilloGitanillo\system\Database\MySQLi\Connection.php(295): mysqli->query('INSERT INTO art...', 0)
#1 C:\xampp\htdocs\MercadilloGitanillo\system\Database\BaseConnection.php(692): CodeIgniter\Database\MySQLi\Connection->execute('INSERT INTO art...')
#2 C:\xampp\htdocs\MercadilloGitanillo\system\Database\BaseConnection.php(606): CodeIgniter\Database\BaseConnection->simpleQuery('INSERT INTO art...')
#3 C:\xampp\htdocs\MercadilloGitanillo\app\Models\Modelo.php(38): CodeIgniter\Database\BaseConnection->query('INSERT INTO art...', Array)
#4 C:\xampp\htdocs\MercadilloGitanillo\app\Controllers\Home.php(113): App\models\Modelo->insertaProducto('1', 'aa', 'aaa', 'Chatarra', 'Nuevo', '1', '1aa.png')
#5 C:\xampp\htdocs\MercadilloGitanillo\system\CodeIgniter.php(932): App\Controllers\Home->subirAguacate()
#6 C:\xampp\htdocs\MercadilloGitanillo\system\CodeIgniter.php(497): CodeIgniter\CodeIgniter->runController(Object(App\Controllers\Home))
#7 C:\xampp\htdocs\MercadilloGitanillo\system\CodeIgniter.php(366): CodeIgniter\CodeIgniter->handleRequest(NULL, Object(Config\Cache), false)
#8 C:\xampp\htdocs\MercadilloGitanillo\public\index.php(69): CodeIgniter\CodeIgniter->run()
#9 {main}
CRITICAL - 2024-01-10 07:51:43 --> Duplicate entry '1-aa-aaa-1aa.png' for key 'cod_usuario'
in SYSTEMPATH\Database\MySQLi\Connection.php on line 295.
 1 SYSTEMPATH\Database\MySQLi\Connection.php(295): mysqli->query('INSERT INTO articulos (cod_usuario,nombre,descripcion,foto,precio,categoria,estado,activo)
                VALUES(\'1\',\'aa\',\'aaa\',\'1aa.png\',\'1\',\'Chatarra\',\'Nuevo\',1)', 0)
 2 SYSTEMPATH\Database\BaseConnection.php(692): CodeIgniter\Database\MySQLi\Connection->execute('INSERT INTO articulos (cod_usuario,nombre,descripcion,foto,precio,categoria,estado,activo)
                VALUES(\'1\',\'aa\',\'aaa\',\'1aa.png\',\'1\',\'Chatarra\',\'Nuevo\',1)')
 3 SYSTEMPATH\Database\BaseConnection.php(606): CodeIgniter\Database\BaseConnection->simpleQuery('INSERT INTO articulos (cod_usuario,nombre,descripcion,foto,precio,categoria,estado,activo)
                VALUES(\'1\',\'aa\',\'aaa\',\'1aa.png\',\'1\',\'Chatarra\',\'Nuevo\',1)')
 4 APPPATH\Models\Modelo.php(38): CodeIgniter\Database\BaseConnection->query('INSERT INTO articulos (cod_usuario,nombre,descripcion,foto,precio,categoria,estado,activo)
                VALUES(?,?,?,?,?,?,?,?)', [...])
 5 APPPATH\Controllers\Home.php(113): App\models\Modelo->insertaProducto('1', 'aa', 'aaa', 'Chatarra', 'Nuevo', '1', '1aa.png')
 6 SYSTEMPATH\CodeIgniter.php(932): App\Controllers\Home->subirAguacate()
 7 SYSTEMPATH\CodeIgniter.php(497): CodeIgniter\CodeIgniter->runController(Object(App\Controllers\Home))
 8 SYSTEMPATH\CodeIgniter.php(366): CodeIgniter\CodeIgniter->handleRequest(null, Object(Config\Cache), false)
 9 FCPATH\index.php(69): CodeIgniter\CodeIgniter->run()
CRITICAL - 2024-01-10 07:57:25 --> Class "App\models\Exception" not found
in APPPATH\Models\Modelo.php on line 37.
 1 APPPATH\Controllers\Home.php(113): App\models\Modelo->insertaProducto('1', 'aa', 'aaa', 'Chatarra', 'Nuevo', '1', '1aa.png')
 2 SYSTEMPATH\CodeIgniter.php(932): App\Controllers\Home->subirAguacate()
 3 SYSTEMPATH\CodeIgniter.php(497): CodeIgniter\CodeIgniter->runController(Object(App\Controllers\Home))
 4 SYSTEMPATH\CodeIgniter.php(366): CodeIgniter\CodeIgniter->handleRequest(null, Object(Config\Cache), false)
 5 FCPATH\index.php(69): CodeIgniter\CodeIgniter->run()
CRITICAL - 2024-01-10 07:58:54 --> Hola
in APPPATH\Models\Modelo.php on line 37.
 1 APPPATH\Controllers\Home.php(113): App\models\Modelo->insertaProducto('1', 'aa', 'aaa', 'Chatarra', 'Nuevo', '1', '1aa.png')
 2 SYSTEMPATH\CodeIgniter.php(932): App\Controllers\Home->subirAguacate()
 3 SYSTEMPATH\CodeIgniter.php(497): CodeIgniter\CodeIgniter->runController(Object(App\Controllers\Home))
 4 SYSTEMPATH\CodeIgniter.php(366): CodeIgniter\CodeIgniter->handleRequest(null, Object(Config\Cache), false)
 5 FCPATH\index.php(69): CodeIgniter\CodeIgniter->run()
ERROR - 2024-01-10 07:59:51 --> mysqli_sql_exception: Duplicate entry '1-aa-aaa-1aa.png' for key 'cod_usuario' in C:\xampp\htdocs\MercadilloGitanillo\system\Database\MySQLi\Connection.php:295
Stack trace:
#0 C:\xampp\htdocs\MercadilloGitanillo\system\Database\MySQLi\Connection.php(295): mysqli->query('INSERT INTO art...', 0)
#1 C:\xampp\htdocs\MercadilloGitanillo\system\Database\BaseConnection.php(692): CodeIgniter\Database\MySQLi\Connection->execute('INSERT INTO art...')
#2 C:\xampp\htdocs\MercadilloGitanillo\system\Database\BaseConnection.php(606): CodeIgniter\Database\BaseConnection->simpleQuery('INSERT INTO art...')
#3 C:\xampp\htdocs\MercadilloGitanillo\app\Models\Modelo.php(39): CodeIgniter\Database\BaseConnection->query('INSERT INTO art...', Array)
#4 C:\xampp\htdocs\MercadilloGitanillo\app\Controllers\Home.php(113): App\models\Modelo->insertaProducto('1', 'aa', 'aaa', 'Chatarra', 'Nuevo', '1', '1aa.png')
#5 C:\xampp\htdocs\MercadilloGitanillo\system\CodeIgniter.php(932): App\Controllers\Home->subirAguacate()
#6 C:\xampp\htdocs\MercadilloGitanillo\system\CodeIgniter.php(497): CodeIgniter\CodeIgniter->runController(Object(App\Controllers\Home))
#7 C:\xampp\htdocs\MercadilloGitanillo\system\CodeIgniter.php(366): CodeIgniter\CodeIgniter->handleRequest(NULL, Object(Config\Cache), false)
#8 C:\xampp\htdocs\MercadilloGitanillo\public\index.php(69): CodeIgniter\CodeIgniter->run()
#9 {main}
CRITICAL - 2024-01-10 07:59:51 --> Duplicate entry '1-aa-aaa-1aa.png' for key 'cod_usuario'
in SYSTEMPATH\Database\MySQLi\Connection.php on line 295.
 1 SYSTEMPATH\Database\MySQLi\Connection.php(295): mysqli->query('INSERT INTO articulos (cod_usuario,nombre,descripcion,foto,precio,categoria,estado,activo)
                VALUES(\'1\',\'aa\',\'aaa\',\'1aa.png\',\'1\',\'Chatarra\',\'Nuevo\',1)', 0)
 2 SYSTEMPATH\Database\BaseConnection.php(692): CodeIgniter\Database\MySQLi\Connection->execute('INSERT INTO articulos (cod_usuario,nombre,descripcion,foto,precio,categoria,estado,activo)
                VALUES(\'1\',\'aa\',\'aaa\',\'1aa.png\',\'1\',\'Chatarra\',\'Nuevo\',1)')
 3 SYSTEMPATH\Database\BaseConnection.php(606): CodeIgniter\Database\BaseConnection->simpleQuery('INSERT INTO articulos (cod_usuario,nombre,descripcion,foto,precio,categoria,estado,activo)
                VALUES(\'1\',\'aa\',\'aaa\',\'1aa.png\',\'1\',\'Chatarra\',\'Nuevo\',1)')
 4 APPPATH\Models\Modelo.php(39): CodeIgniter\Database\BaseConnection->query('INSERT INTO articulos (cod_usuario,nombre,descripcion,foto,precio,categoria,estado,activo)
                VALUES(?,?,?,?,?,?,?,?)', [...])
 5 APPPATH\Controllers\Home.php(113): App\models\Modelo->insertaProducto('1', 'aa', 'aaa', 'Chatarra', 'Nuevo', '1', '1aa.png')
 6 SYSTEMPATH\CodeIgniter.php(932): App\Controllers\Home->subirAguacate()
 7 SYSTEMPATH\CodeIgniter.php(497): CodeIgniter\CodeIgniter->runController(Object(App\Controllers\Home))
 8 SYSTEMPATH\CodeIgniter.php(366): CodeIgniter\CodeIgniter->handleRequest(null, Object(Config\Cache), false)
 9 FCPATH\index.php(69): CodeIgniter\CodeIgniter->run()
CRITICAL - 2024-01-10 08:01:16 --> 
in APPPATH\Models\Modelo.php on line 37.
 1 APPPATH\Controllers\Home.php(113): App\models\Modelo->insertaProducto('1', 'aa', 'aaa', 'Chatarra', 'Nuevo', '1', '1aa.png')
 2 SYSTEMPATH\CodeIgniter.php(932): App\Controllers\Home->subirAguacate()
 3 SYSTEMPATH\CodeIgniter.php(497): CodeIgniter\CodeIgniter->runController(Object(App\Controllers\Home))
 4 SYSTEMPATH\CodeIgniter.php(366): CodeIgniter\CodeIgniter->handleRequest(null, Object(Config\Cache), false)
 5 FCPATH\index.php(69): CodeIgniter\CodeIgniter->run()
CRITICAL - 2024-01-10 08:02:45 --> Class "App\models\Exception" not found
in APPPATH\Models\Modelo.php on line 4.
 1 SYSTEMPATH\Autoloader\Autoloader.php(314): include_once()
 2 SYSTEMPATH\Autoloader\Autoloader.php(291): CodeIgniter\Autoloader\Autoloader->includeFile('C:\\xampp\\htdocs\\MercadilloGitanillo\\app\\Models\\Modelo.php')
 3 SYSTEMPATH\Autoloader\Autoloader.php(269): CodeIgniter\Autoloader\Autoloader->loadInNamespace('App\\Models\\Modelo')
 4 APPPATH\Controllers\Home.php(111): CodeIgniter\Autoloader\Autoloader->loadClass('App\\Models\\Modelo')
 5 SYSTEMPATH\CodeIgniter.php(932): App\Controllers\Home->subirAguacate()
 6 SYSTEMPATH\CodeIgniter.php(497): CodeIgniter\CodeIgniter->runController(Object(App\Controllers\Home))
 7 SYSTEMPATH\CodeIgniter.php(366): CodeIgniter\CodeIgniter->handleRequest(null, Object(Config\Cache), false)
 8 FCPATH\index.php(69): CodeIgniter\CodeIgniter->run()
CRITICAL - 2024-01-10 08:03:16 --> 
in APPPATH\Models\Modelo.php on line 4.
 1 SYSTEMPATH\Autoloader\Autoloader.php(314): include_once()
 2 SYSTEMPATH\Autoloader\Autoloader.php(291): CodeIgniter\Autoloader\Autoloader->includeFile('C:\\xampp\\htdocs\\MercadilloGitanillo\\app\\Models\\Modelo.php')
 3 SYSTEMPATH\Autoloader\Autoloader.php(269): CodeIgniter\Autoloader\Autoloader->loadInNamespace('App\\Models\\Modelo')
 4 APPPATH\Controllers\Home.php(111): CodeIgniter\Autoloader\Autoloader->loadClass('App\\Models\\Modelo')
 5 SYSTEMPATH\CodeIgniter.php(932): App\Controllers\Home->subirAguacate()
 6 SYSTEMPATH\CodeIgniter.php(497): CodeIgniter\CodeIgniter->runController(Object(App\Controllers\Home))
 7 SYSTEMPATH\CodeIgniter.php(366): CodeIgniter\CodeIgniter->handleRequest(null, Object(Config\Cache), false)
 8 FCPATH\index.php(69): CodeIgniter\CodeIgniter->run()
CRITICAL - 2024-01-10 08:05:43 --> 
in APPPATH\Models\Modelo.php on line 4.
 1 SYSTEMPATH\Autoloader\Autoloader.php(314): include_once()
 2 SYSTEMPATH\Autoloader\Autoloader.php(291): CodeIgniter\Autoloader\Autoloader->includeFile('C:\\xampp\\htdocs\\MercadilloGitanillo\\app\\Models\\Modelo.php')
 3 SYSTEMPATH\Autoloader\Autoloader.php(269): CodeIgniter\Autoloader\Autoloader->loadInNamespace('App\\Models\\Modelo')
 4 APPPATH\Controllers\Home.php(111): CodeIgniter\Autoloader\Autoloader->loadClass('App\\Models\\Modelo')
 5 SYSTEMPATH\CodeIgniter.php(932): App\Controllers\Home->subirAguacate()
 6 SYSTEMPATH\CodeIgniter.php(497): CodeIgniter\CodeIgniter->runController(Object(App\Controllers\Home))
 7 SYSTEMPATH\CodeIgniter.php(366): CodeIgniter\CodeIgniter->handleRequest(null, Object(Config\Cache), false)
 8 FCPATH\index.php(69): CodeIgniter\CodeIgniter->run()
CRITICAL - 2024-01-10 08:06:02 --> syntax error, unexpected token "throw", expecting "function" or "const"
in APPPATH\Models\Modelo.php on line 6.
 1 SYSTEMPATH\Autoloader\Autoloader.php(291): CodeIgniter\Autoloader\Autoloader->includeFile('C:\\xampp\\htdocs\\MercadilloGitanillo\\app\\Models\\Modelo.php')
 2 SYSTEMPATH\Autoloader\Autoloader.php(269): CodeIgniter\Autoloader\Autoloader->loadInNamespace('App\\Models\\Modelo')
 3 APPPATH\Controllers\Home.php(111): CodeIgniter\Autoloader\Autoloader->loadClass('App\\Models\\Modelo')
 4 SYSTEMPATH\CodeIgniter.php(932): App\Controllers\Home->subirAguacate()
 5 SYSTEMPATH\CodeIgniter.php(497): CodeIgniter\CodeIgniter->runController(Object(App\Controllers\Home))
 6 SYSTEMPATH\CodeIgniter.php(366): CodeIgniter\CodeIgniter->handleRequest(null, Object(Config\Cache), false)
 7 FCPATH\index.php(69): CodeIgniter\CodeIgniter->run()
CRITICAL - 2024-01-10 08:06:33 --> syntax error, unexpected token "throw", expecting ";" or "{"
in APPPATH\Models\Modelo.php on line 34.
 1 SYSTEMPATH\Autoloader\Autoloader.php(291): CodeIgniter\Autoloader\Autoloader->includeFile('C:\\xampp\\htdocs\\MercadilloGitanillo\\app\\Models\\Modelo.php')
 2 SYSTEMPATH\Autoloader\Autoloader.php(269): CodeIgniter\Autoloader\Autoloader->loadInNamespace('App\\Models\\Modelo')
 3 APPPATH\Controllers\Home.php(111): CodeIgniter\Autoloader\Autoloader->loadClass('App\\Models\\Modelo')
 4 SYSTEMPATH\CodeIgniter.php(932): App\Controllers\Home->subirAguacate()
 5 SYSTEMPATH\CodeIgniter.php(497): CodeIgniter\CodeIgniter->runController(Object(App\Controllers\Home))
 6 SYSTEMPATH\CodeIgniter.php(366): CodeIgniter\CodeIgniter->handleRequest(null, Object(Config\Cache), false)
 7 FCPATH\index.php(69): CodeIgniter\CodeIgniter->run()
CRITICAL - 2024-01-10 08:06:55 --> 
in APPPATH\Models\Modelo.php on line 35.
 1 APPPATH\Controllers\Home.php(113): App\models\Modelo->insertaProducto('1', 'aa', 'aaa', 'Chatarra', 'Nuevo', '1', '1aa.png')
 2 SYSTEMPATH\CodeIgniter.php(932): App\Controllers\Home->subirAguacate()
 3 SYSTEMPATH\CodeIgniter.php(497): CodeIgniter\CodeIgniter->runController(Object(App\Controllers\Home))
 4 SYSTEMPATH\CodeIgniter.php(366): CodeIgniter\CodeIgniter->handleRequest(null, Object(Config\Cache), false)
 5 FCPATH\index.php(69): CodeIgniter\CodeIgniter->run()
ERROR - 2024-01-10 08:11:24 --> mysqli_sql_exception: Duplicate entry '1-aa-aaa-1aa.png' for key 'cod_usuario' in C:\xampp\htdocs\MercadilloGitanillo\system\Database\MySQLi\Connection.php:295
Stack trace:
#0 C:\xampp\htdocs\MercadilloGitanillo\system\Database\MySQLi\Connection.php(295): mysqli->query('INSERT INTO art...', 0)
#1 C:\xampp\htdocs\MercadilloGitanillo\system\Database\BaseConnection.php(692): CodeIgniter\Database\MySQLi\Connection->execute('INSERT INTO art...')
#2 C:\xampp\htdocs\MercadilloGitanillo\system\Database\BaseConnection.php(606): CodeIgniter\Database\BaseConnection->simpleQuery('INSERT INTO art...')
#3 C:\xampp\htdocs\MercadilloGitanillo\app\Models\Modelo.php(42): CodeIgniter\Database\BaseConnection->query('INSERT INTO art...', Array)
#4 C:\xampp\htdocs\MercadilloGitanillo\app\Controllers\Home.php(113): App\models\Modelo->insertaProducto('1', 'aa', 'aaa', 'Chatarra', 'Nuevo', '1', '1aa.png')
#5 C:\xampp\htdocs\MercadilloGitanillo\system\CodeIgniter.php(932): App\Controllers\Home->subirAguacate()
#6 C:\xampp\htdocs\MercadilloGitanillo\system\CodeIgniter.php(497): CodeIgniter\CodeIgniter->runController(Object(App\Controllers\Home))
#7 C:\xampp\htdocs\MercadilloGitanillo\system\CodeIgniter.php(366): CodeIgniter\CodeIgniter->handleRequest(NULL, Object(Config\Cache), false)
#8 C:\xampp\htdocs\MercadilloGitanillo\public\index.php(69): CodeIgniter\CodeIgniter->run()
#9 {main}
CRITICAL - 2024-01-10 08:11:24 --> Duplicate entry '1-aa-aaa-1aa.png' for key 'cod_usuario'
in SYSTEMPATH\Database\MySQLi\Connection.php on line 295.
 1 SYSTEMPATH\Database\MySQLi\Connection.php(295): mysqli->query('INSERT INTO articulos (cod_usuario,nombre,descripcion,foto,precio,categoria,estado,activo)
                VALUES(\'1\',\'aa\',\'aaa\',\'1aa.png\',\'1\',\'Chatarra\',\'Nuevo\',1)', 0)
 2 SYSTEMPATH\Database\BaseConnection.php(692): CodeIgniter\Database\MySQLi\Connection->execute('INSERT INTO articulos (cod_usuario,nombre,descripcion,foto,precio,categoria,estado,activo)
                VALUES(\'1\',\'aa\',\'aaa\',\'1aa.png\',\'1\',\'Chatarra\',\'Nuevo\',1)')
 3 SYSTEMPATH\Database\BaseConnection.php(606): CodeIgniter\Database\BaseConnection->simpleQuery('INSERT INTO articulos (cod_usuario,nombre,descripcion,foto,precio,categoria,estado,activo)
                VALUES(\'1\',\'aa\',\'aaa\',\'1aa.png\',\'1\',\'Chatarra\',\'Nuevo\',1)')
 4 APPPATH\Models\Modelo.php(42): CodeIgniter\Database\BaseConnection->query('INSERT INTO articulos (cod_usuario,nombre,descripcion,foto,precio,categoria,estado,activo)
                VALUES(?,?,?,?,?,?,?,?)', [...])
 5 APPPATH\Controllers\Home.php(113): App\models\Modelo->insertaProducto('1', 'aa', 'aaa', 'Chatarra', 'Nuevo', '1', '1aa.png')
 6 SYSTEMPATH\CodeIgniter.php(932): App\Controllers\Home->subirAguacate()
 7 SYSTEMPATH\CodeIgniter.php(497): CodeIgniter\CodeIgniter->runController(Object(App\Controllers\Home))
 8 SYSTEMPATH\CodeIgniter.php(366): CodeIgniter\CodeIgniter->handleRequest(null, Object(Config\Cache), false)
 9 FCPATH\index.php(69): CodeIgniter\CodeIgniter->run()
CRITICAL - 2024-01-10 08:17:02 --> Call to undefined method CodeIgniter\Database\MySQLi\Result::num_rows()
in APPPATH\Models\Modelo.php on line 41.
 1 APPPATH\Controllers\Home.php(113): App\models\Modelo->insertaProducto('1', 'aa', 'aaa', 'Chatarra', 'Nuevo', '1', '1aa.png')
 2 SYSTEMPATH\CodeIgniter.php(932): App\Controllers\Home->subirAguacate()
 3 SYSTEMPATH\CodeIgniter.php(497): CodeIgniter\CodeIgniter->runController(Object(App\Controllers\Home))
 4 SYSTEMPATH\CodeIgniter.php(366): CodeIgniter\CodeIgniter->handleRequest(null, Object(Config\Cache), false)
 5 FCPATH\index.php(69): CodeIgniter\CodeIgniter->run()
CRITICAL - 2024-01-10 08:17:28 --> Call to undefined method CodeIgniter\Database\MySQLi\Result::num_rows()
in APPPATH\Models\Modelo.php on line 41.
 1 APPPATH\Controllers\Home.php(113): App\models\Modelo->insertaProducto('1', 'aa', 'aaa', 'Chatarra', 'Nuevo', '1', '1aa.png')
 2 SYSTEMPATH\CodeIgniter.php(932): App\Controllers\Home->subirAguacate()
 3 SYSTEMPATH\CodeIgniter.php(497): CodeIgniter\CodeIgniter->runController(Object(App\Controllers\Home))
 4 SYSTEMPATH\CodeIgniter.php(366): CodeIgniter\CodeIgniter->handleRequest(null, Object(Config\Cache), false)
 5 FCPATH\index.php(69): CodeIgniter\CodeIgniter->run()
CRITICAL - 2024-01-10 09:11:44 --> Undefined variable $maleta
in APPPATH\Views\Perfil.php on line 46.
 1 APPPATH\Views\Perfil.php(46): CodeIgniter\Debug\Exceptions->errorHandler(2, 'Undefined variable $maleta', 'C:\\xampp\\htdocs\\MercadilloGitanillo\\app\\Views\\Perfil.php', 46)
 2 SYSTEMPATH\View\View.php(224): include('C:\\xampp\\htdocs\\MercadilloGitanillo\\app\\Views\\Perfil.php')
 3 SYSTEMPATH\View\View.php(227): CodeIgniter\View\View->CodeIgniter\View\{closure}()
 4 SYSTEMPATH\Common.php(1176): CodeIgniter\View\View->render('Perfil.php', [], true)
 5 APPPATH\Controllers\Home.php(121): view('Perfil.php', [...])
 6 SYSTEMPATH\CodeIgniter.php(932): App\Controllers\Home->subirAguacate()
 7 SYSTEMPATH\CodeIgniter.php(497): CodeIgniter\CodeIgniter->runController(Object(App\Controllers\Home))
 8 SYSTEMPATH\CodeIgniter.php(366): CodeIgniter\CodeIgniter->handleRequest(null, Object(Config\Cache), false)
 9 FCPATH\index.php(69): CodeIgniter\CodeIgniter->run()
CRITICAL - 2024-01-10 20:12:23 --> Undefined variable $maleta
in APPPATH\Views\Perfil.php on line 44.
 1 APPPATH\Views\Perfil.php(44): CodeIgniter\Debug\Exceptions->errorHandler(2, 'Undefined variable $maleta', 'D:\\xampp\\htdocs\\MercadilloGitanillo\\app\\Views\\Perfil.php', 44)
 2 SYSTEMPATH\View\View.php(224): include('D:\\xampp\\htdocs\\MercadilloGitanillo\\app\\Views\\Perfil.php')
 3 SYSTEMPATH\View\View.php(227): CodeIgniter\View\View->CodeIgniter\View\{closure}()
 4 SYSTEMPATH\Common.php(1176): CodeIgniter\View\View->render('Perfil.php', [], true)
 5 APPPATH\Controllers\Home.php(121): view('Perfil.php', [...])
 6 SYSTEMPATH\CodeIgniter.php(932): App\Controllers\Home->subirAguacate()
 7 SYSTEMPATH\CodeIgniter.php(497): CodeIgniter\CodeIgniter->runController(Object(App\Controllers\Home))
 8 SYSTEMPATH\CodeIgniter.php(366): CodeIgniter\CodeIgniter->handleRequest(null, Object(Config\Cache), false)
 9 FCPATH\index.php(69): CodeIgniter\CodeIgniter->run()
CRITICAL - 2024-01-10 20:12:48 --> Undefined variable $maleta
in APPPATH\Views\Perfil.php on line 48.
 1 APPPATH\Views\Perfil.php(48): CodeIgniter\Debug\Exceptions->errorHandler(2, 'Undefined variable $maleta', 'D:\\xampp\\htdocs\\MercadilloGitanillo\\app\\Views\\Perfil.php', 48)
 2 SYSTEMPATH\View\View.php(224): include('D:\\xampp\\htdocs\\MercadilloGitanillo\\app\\Views\\Perfil.php')
 3 SYSTEMPATH\View\View.php(227): CodeIgniter\View\View->CodeIgniter\View\{closure}()
 4 SYSTEMPATH\Common.php(1176): CodeIgniter\View\View->render('Perfil.php', [], true)
 5 APPPATH\Controllers\Home.php(121): view('Perfil.php', [...])
 6 SYSTEMPATH\CodeIgniter.php(932): App\Controllers\Home->subirAguacate()
 7 SYSTEMPATH\CodeIgniter.php(497): CodeIgniter\CodeIgniter->runController(Object(App\Controllers\Home))
 8 SYSTEMPATH\CodeIgniter.php(366): CodeIgniter\CodeIgniter->handleRequest(null, Object(Config\Cache), false)
 9 FCPATH\index.php(69): CodeIgniter\CodeIgniter->run()
CRITICAL - 2024-01-10 20:13:11 --> Undefined variable $maleta
in APPPATH\Views\Perfil.php on line 72.
 1 APPPATH\Views\Perfil.php(72): CodeIgniter\Debug\Exceptions->errorHandler(2, 'Undefined variable $maleta', 'D:\\xampp\\htdocs\\MercadilloGitanillo\\app\\Views\\Perfil.php', 72)
 2 SYSTEMPATH\View\View.php(224): include('D:\\xampp\\htdocs\\MercadilloGitanillo\\app\\Views\\Perfil.php')
 3 SYSTEMPATH\View\View.php(227): CodeIgniter\View\View->CodeIgniter\View\{closure}()
 4 SYSTEMPATH\Common.php(1176): CodeIgniter\View\View->render('Perfil.php', [], true)
 5 APPPATH\Controllers\Home.php(121): view('Perfil.php', [...])
 6 SYSTEMPATH\CodeIgniter.php(932): App\Controllers\Home->subirAguacate()
 7 SYSTEMPATH\CodeIgniter.php(497): CodeIgniter\CodeIgniter->runController(Object(App\Controllers\Home))
 8 SYSTEMPATH\CodeIgniter.php(366): CodeIgniter\CodeIgniter->handleRequest(null, Object(Config\Cache), false)
 9 FCPATH\index.php(69): CodeIgniter\CodeIgniter->run()
CRITICAL - 2024-01-10 21:03:28 --> Unclosed '{' on line 40
in APPPATH\Views\Perfil.php on line 109.
 1 SYSTEMPATH\View\View.php(227): CodeIgniter\View\View->CodeIgniter\View\{closure}()
 2 SYSTEMPATH\Common.php(1176): CodeIgniter\View\View->render('Perfil.php', [], true)
 3 APPPATH\Controllers\Home.php(85): view('Perfil.php', [...])
 4 SYSTEMPATH\CodeIgniter.php(932): App\Controllers\Home->verPerfil()
 5 SYSTEMPATH\CodeIgniter.php(497): CodeIgniter\CodeIgniter->runController(Object(App\Controllers\Home))
 6 SYSTEMPATH\CodeIgniter.php(366): CodeIgniter\CodeIgniter->handleRequest(null, Object(Config\Cache), false)
 7 FCPATH\index.php(69): CodeIgniter\CodeIgniter->run()
