CRITICAL - 2024-01-03 12:05:03 --> Undefined property: App\Controllers\Home::$load
in APPPATH\Controllers\Home.php on line 71.
 1 APPPATH\Controllers\Home.php(71): CodeIgniter\Debug\Exceptions->errorHandler(2, 'Undefined property: App\\Controllers\\Home::$load', 'D:\\xampp\\htdocs\\MercadilloElGitanillo\\MercadilloGitanillo\\app\\Controllers\\Home.php', 71)
 2 SYSTEMPATH\CodeIgniter.php(932): App\Controllers\Home->subirArticulo()
 3 SYSTEMPATH\CodeIgniter.php(497): CodeIgniter\CodeIgniter->runController(Object(App\Controllers\Home))
 4 SYSTEMPATH\CodeIgniter.php(366): CodeIgniter\CodeIgniter->handleRequest(null, Object(Config\Cache), false)
 5 FCPATH\index.php(67): CodeIgniter\CodeIgniter->run()
CRITICAL - 2024-01-03 12:06:26 --> Undefined property: App\Controllers\Home::$load
in APPPATH\Controllers\Home.php on line 71.
 1 APPPATH\Controllers\Home.php(71): CodeIgniter\Debug\Exceptions->errorHandler(2, 'Undefined property: App\\Controllers\\Home::$load', 'D:\\xampp\\htdocs\\MercadilloElGitanillo\\MercadilloGitanillo\\app\\Controllers\\Home.php', 71)
 2 SYSTEMPATH\CodeIgniter.php(932): App\Controllers\Home->subirArticulo()
 3 SYSTEMPATH\CodeIgniter.php(497): CodeIgniter\CodeIgniter->runController(Object(App\Controllers\Home))
 4 SYSTEMPATH\CodeIgniter.php(366): CodeIgniter\CodeIgniter->handleRequest(null, Object(Config\Cache), false)
 5 FCPATH\index.php(67): CodeIgniter\CodeIgniter->run()
CRITICAL - 2024-01-03 12:06:28 --> Undefined property: App\Controllers\Home::$load
in APPPATH\Controllers\Home.php on line 71.
 1 APPPATH\Controllers\Home.php(71): CodeIgniter\Debug\Exceptions->errorHandler(2, 'Undefined property: App\\Controllers\\Home::$load', 'D:\\xampp\\htdocs\\MercadilloElGitanillo\\MercadilloGitanillo\\app\\Controllers\\Home.php', 71)
 2 SYSTEMPATH\CodeIgniter.php(932): App\Controllers\Home->subirArticulo()
 3 SYSTEMPATH\CodeIgniter.php(497): CodeIgniter\CodeIgniter->runController(Object(App\Controllers\Home))
 4 SYSTEMPATH\CodeIgniter.php(366): CodeIgniter\CodeIgniter->handleRequest(null, Object(Config\Cache), false)
 5 FCPATH\index.php(67): CodeIgniter\CodeIgniter->run()
CRITICAL - 2024-01-03 12:06:35 --> Undefined property: App\Controllers\Home::$load
in APPPATH\Controllers\Home.php on line 71.
 1 APPPATH\Controllers\Home.php(71): CodeIgniter\Debug\Exceptions->errorHandler(2, 'Undefined property: App\\Controllers\\Home::$load', 'D:\\xampp\\htdocs\\MercadilloElGitanillo\\MercadilloGitanillo\\app\\Controllers\\Home.php', 71)
 2 SYSTEMPATH\CodeIgniter.php(932): App\Controllers\Home->subirArticulo()
 3 SYSTEMPATH\CodeIgniter.php(497): CodeIgniter\CodeIgniter->runController(Object(App\Controllers\Home))
 4 SYSTEMPATH\CodeIgniter.php(366): CodeIgniter\CodeIgniter->handleRequest(null, Object(Config\Cache), false)
 5 FCPATH\index.php(67): CodeIgniter\CodeIgniter->run()
CRITICAL - 2024-01-03 12:10:19 --> Undefined property: App\Controllers\Home::$load
in APPPATH\Controllers\Home.php on line 71.
 1 APPPATH\Controllers\Home.php(71): CodeIgniter\Debug\Exceptions->errorHandler(2, 'Undefined property: App\\Controllers\\Home::$load', 'D:\\xampp\\htdocs\\MercadilloElGitanillo\\MercadilloGitanillo\\app\\Controllers\\Home.php', 71)
 2 SYSTEMPATH\CodeIgniter.php(932): App\Controllers\Home->subirArticulo()
 3 SYSTEMPATH\CodeIgniter.php(497): CodeIgniter\CodeIgniter->runController(Object(App\Controllers\Home))
 4 SYSTEMPATH\CodeIgniter.php(366): CodeIgniter\CodeIgniter->handleRequest(null, Object(Config\Cache), false)
 5 FCPATH\index.php(67): CodeIgniter\CodeIgniter->run()
CRITICAL - 2024-01-03 12:11:57 --> Undefined property: App\Controllers\Home::$load
in APPPATH\Controllers\Home.php on line 71.
 1 APPPATH\Controllers\Home.php(71): CodeIgniter\Debug\Exceptions->errorHandler(2, 'Undefined property: App\\Controllers\\Home::$load', 'D:\\xampp\\htdocs\\MercadilloElGitanillo\\MercadilloGitanillo\\app\\Controllers\\Home.php', 71)
 2 SYSTEMPATH\CodeIgniter.php(932): App\Controllers\Home->subirArticulo()
 3 SYSTEMPATH\CodeIgniter.php(497): CodeIgniter\CodeIgniter->runController(Object(App\Controllers\Home))
 4 SYSTEMPATH\CodeIgniter.php(366): CodeIgniter\CodeIgniter->handleRequest(null, Object(Config\Cache), false)
 5 FCPATH\index.php(67): CodeIgniter\CodeIgniter->run()
CRITICAL - 2024-01-03 12:11:58 --> Undefined property: App\Controllers\Home::$load
in APPPATH\Controllers\Home.php on line 71.
 1 APPPATH\Controllers\Home.php(71): CodeIgniter\Debug\Exceptions->errorHandler(2, 'Undefined property: App\\Controllers\\Home::$load', 'D:\\xampp\\htdocs\\MercadilloElGitanillo\\MercadilloGitanillo\\app\\Controllers\\Home.php', 71)
 2 SYSTEMPATH\CodeIgniter.php(932): App\Controllers\Home->subirArticulo()
 3 SYSTEMPATH\CodeIgniter.php(497): CodeIgniter\CodeIgniter->runController(Object(App\Controllers\Home))
 4 SYSTEMPATH\CodeIgniter.php(366): CodeIgniter\CodeIgniter->handleRequest(null, Object(Config\Cache), false)
 5 FCPATH\index.php(67): CodeIgniter\CodeIgniter->run()
CRITICAL - 2024-01-03 12:12:05 --> Undefined property: App\Controllers\Home::$load
in APPPATH\Controllers\Home.php on line 71.
 1 APPPATH\Controllers\Home.php(71): CodeIgniter\Debug\Exceptions->errorHandler(2, 'Undefined property: App\\Controllers\\Home::$load', 'D:\\xampp\\htdocs\\MercadilloElGitanillo\\MercadilloGitanillo\\app\\Controllers\\Home.php', 71)
 2 SYSTEMPATH\CodeIgniter.php(932): App\Controllers\Home->subirArticulo()
 3 SYSTEMPATH\CodeIgniter.php(497): CodeIgniter\CodeIgniter->runController(Object(App\Controllers\Home))
 4 SYSTEMPATH\CodeIgniter.php(366): CodeIgniter\CodeIgniter->handleRequest(null, Object(Config\Cache), false)
 5 FCPATH\index.php(67): CodeIgniter\CodeIgniter->run()
CRITICAL - 2024-01-03 12:12:26 --> syntax error, unexpected variable "$formulario", expecting "," or ";"
in APPPATH\Controllers\Home.php on line 72.
 1 SYSTEMPATH\Autoloader\Autoloader.php(291): CodeIgniter\Autoloader\Autoloader->includeFile('D:\\xampp\\htdocs\\MercadilloElGitanillo\\MercadilloGitanillo\\app\\Controllers\\Home.php')
 2 SYSTEMPATH\Autoloader\Autoloader.php(269): CodeIgniter\Autoloader\Autoloader->loadInNamespace('App\\Controllers\\Home')
 3 [internal function]: CodeIgniter\Autoloader\Autoloader->loadClass('App\\Controllers\\Home')
 4 SYSTEMPATH\CodeIgniter.php(890): class_exists('\\App\\Controllers\\Home', true)
 5 SYSTEMPATH\CodeIgniter.php(484): CodeIgniter\CodeIgniter->startController()
 6 SYSTEMPATH\CodeIgniter.php(366): CodeIgniter\CodeIgniter->handleRequest(null, Object(Config\Cache), false)
 7 FCPATH\index.php(67): CodeIgniter\CodeIgniter->run()
CRITICAL - 2024-01-03 12:12:29 --> syntax error, unexpected variable "$formulario", expecting "," or ";"
in APPPATH\Controllers\Home.php on line 72.
 1 SYSTEMPATH\Autoloader\Autoloader.php(291): CodeIgniter\Autoloader\Autoloader->includeFile('D:\\xampp\\htdocs\\MercadilloElGitanillo\\MercadilloGitanillo\\app\\Controllers\\Home.php')
 2 SYSTEMPATH\Autoloader\Autoloader.php(269): CodeIgniter\Autoloader\Autoloader->loadInNamespace('App\\Controllers\\Home')
 3 [internal function]: CodeIgniter\Autoloader\Autoloader->loadClass('App\\Controllers\\Home')
 4 SYSTEMPATH\CodeIgniter.php(890): class_exists('\\App\\Controllers\\Home', true)
 5 SYSTEMPATH\CodeIgniter.php(484): CodeIgniter\CodeIgniter->startController()
 6 SYSTEMPATH\CodeIgniter.php(366): CodeIgniter\CodeIgniter->handleRequest(null, Object(Config\Cache), false)
 7 FCPATH\index.php(67): CodeIgniter\CodeIgniter->run()
CRITICAL - 2024-01-03 12:12:33 --> syntax error, unexpected variable "$formulario", expecting "," or ";"
in APPPATH\Controllers\Home.php on line 72.
 1 SYSTEMPATH\Autoloader\Autoloader.php(291): CodeIgniter\Autoloader\Autoloader->includeFile('D:\\xampp\\htdocs\\MercadilloElGitanillo\\MercadilloGitanillo\\app\\Controllers\\Home.php')
 2 SYSTEMPATH\Autoloader\Autoloader.php(269): CodeIgniter\Autoloader\Autoloader->loadInNamespace('App\\Controllers\\Home')
 3 [internal function]: CodeIgniter\Autoloader\Autoloader->loadClass('App\\Controllers\\Home')
 4 SYSTEMPATH\CodeIgniter.php(890): class_exists('\\App\\Controllers\\Home', true)
 5 SYSTEMPATH\CodeIgniter.php(484): CodeIgniter\CodeIgniter->startController()
 6 SYSTEMPATH\CodeIgniter.php(366): CodeIgniter\CodeIgniter->handleRequest(null, Object(Config\Cache), false)
 7 FCPATH\index.php(67): CodeIgniter\CodeIgniter->run()
CRITICAL - 2024-01-03 12:12:39 --> syntax error, unexpected variable "$formulario", expecting "," or ";"
in APPPATH\Controllers\Home.php on line 72.
 1 SYSTEMPATH\Autoloader\Autoloader.php(291): CodeIgniter\Autoloader\Autoloader->includeFile('D:\\xampp\\htdocs\\MercadilloElGitanillo\\MercadilloGitanillo\\app\\Controllers\\Home.php')
 2 SYSTEMPATH\Autoloader\Autoloader.php(269): CodeIgniter\Autoloader\Autoloader->loadInNamespace('App\\Controllers\\Home')
 3 [internal function]: CodeIgniter\Autoloader\Autoloader->loadClass('App\\Controllers\\Home')
 4 SYSTEMPATH\CodeIgniter.php(890): class_exists('\\App\\Controllers\\Home', true)
 5 SYSTEMPATH\CodeIgniter.php(484): CodeIgniter\CodeIgniter->startController()
 6 SYSTEMPATH\CodeIgniter.php(366): CodeIgniter\CodeIgniter->handleRequest(null, Object(Config\Cache), false)
 7 FCPATH\index.php(67): CodeIgniter\CodeIgniter->run()
CRITICAL - 2024-01-03 12:12:43 --> syntax error, unexpected variable "$formulario", expecting "," or ";"
in APPPATH\Controllers\Home.php on line 72.
 1 SYSTEMPATH\Autoloader\Autoloader.php(291): CodeIgniter\Autoloader\Autoloader->includeFile('D:\\xampp\\htdocs\\MercadilloElGitanillo\\MercadilloGitanillo\\app\\Controllers\\Home.php')
 2 SYSTEMPATH\Autoloader\Autoloader.php(269): CodeIgniter\Autoloader\Autoloader->loadInNamespace('App\\Controllers\\Home')
 3 [internal function]: CodeIgniter\Autoloader\Autoloader->loadClass('App\\Controllers\\Home')
 4 SYSTEMPATH\CodeIgniter.php(890): class_exists('\\App\\Controllers\\Home', true)
 5 SYSTEMPATH\CodeIgniter.php(484): CodeIgniter\CodeIgniter->startController()
 6 SYSTEMPATH\CodeIgniter.php(366): CodeIgniter\CodeIgniter->handleRequest(null, Object(Config\Cache), false)
 7 FCPATH\index.php(67): CodeIgniter\CodeIgniter->run()
CRITICAL - 2024-01-03 12:12:44 --> syntax error, unexpected variable "$formulario", expecting "," or ";"
in APPPATH\Controllers\Home.php on line 72.
 1 SYSTEMPATH\Autoloader\Autoloader.php(291): CodeIgniter\Autoloader\Autoloader->includeFile('D:\\xampp\\htdocs\\MercadilloElGitanillo\\MercadilloGitanillo\\app\\Controllers\\Home.php')
 2 SYSTEMPATH\Autoloader\Autoloader.php(269): CodeIgniter\Autoloader\Autoloader->loadInNamespace('App\\Controllers\\Home')
 3 [internal function]: CodeIgniter\Autoloader\Autoloader->loadClass('App\\Controllers\\Home')
 4 SYSTEMPATH\CodeIgniter.php(890): class_exists('\\App\\Controllers\\Home', true)
 5 SYSTEMPATH\CodeIgniter.php(484): CodeIgniter\CodeIgniter->startController()
 6 SYSTEMPATH\CodeIgniter.php(366): CodeIgniter\CodeIgniter->handleRequest(null, Object(Config\Cache), false)
 7 FCPATH\index.php(67): CodeIgniter\CodeIgniter->run()
CRITICAL - 2024-01-03 12:12:53 --> Undefined property: App\Controllers\Home::$load
in APPPATH\Controllers\Home.php on line 72.
 1 APPPATH\Controllers\Home.php(72): CodeIgniter\Debug\Exceptions->errorHandler(2, 'Undefined property: App\\Controllers\\Home::$load', 'D:\\xampp\\htdocs\\MercadilloElGitanillo\\MercadilloGitanillo\\app\\Controllers\\Home.php', 72)
 2 SYSTEMPATH\CodeIgniter.php(932): App\Controllers\Home->subirArticulo()
 3 SYSTEMPATH\CodeIgniter.php(497): CodeIgniter\CodeIgniter->runController(Object(App\Controllers\Home))
 4 SYSTEMPATH\CodeIgniter.php(366): CodeIgniter\CodeIgniter->handleRequest(null, Object(Config\Cache), false)
 5 FCPATH\index.php(67): CodeIgniter\CodeIgniter->run()
CRITICAL - 2024-01-03 12:15:41 --> Undefined property: App\Controllers\Home::$load
in APPPATH\Controllers\Home.php on line 71.
 1 APPPATH\Controllers\Home.php(71): CodeIgniter\Debug\Exceptions->errorHandler(2, 'Undefined property: App\\Controllers\\Home::$load', 'D:\\xampp\\htdocs\\MercadilloElGitanillo\\MercadilloGitanillo\\app\\Controllers\\Home.php', 71)
 2 SYSTEMPATH\CodeIgniter.php(932): App\Controllers\Home->subirArticulo()
 3 SYSTEMPATH\CodeIgniter.php(497): CodeIgniter\CodeIgniter->runController(Object(App\Controllers\Home))
 4 SYSTEMPATH\CodeIgniter.php(366): CodeIgniter\CodeIgniter->handleRequest(null, Object(Config\Cache), false)
 5 FCPATH\index.php(67): CodeIgniter\CodeIgniter->run()
CRITICAL - 2024-01-03 12:15:50 --> Undefined property: App\Controllers\Home::$load
in APPPATH\Controllers\Home.php on line 71.
 1 APPPATH\Controllers\Home.php(71): CodeIgniter\Debug\Exceptions->errorHandler(2, 'Undefined property: App\\Controllers\\Home::$load', 'D:\\xampp\\htdocs\\MercadilloElGitanillo\\MercadilloGitanillo\\app\\Controllers\\Home.php', 71)
 2 SYSTEMPATH\CodeIgniter.php(932): App\Controllers\Home->subirArticulo()
 3 SYSTEMPATH\CodeIgniter.php(497): CodeIgniter\CodeIgniter->runController(Object(App\Controllers\Home))
 4 SYSTEMPATH\CodeIgniter.php(366): CodeIgniter\CodeIgniter->handleRequest(null, Object(Config\Cache), false)
 5 FCPATH\index.php(67): CodeIgniter\CodeIgniter->run()
CRITICAL - 2024-01-03 12:16:35 --> Undefined property: App\Controllers\Home::$load
in APPPATH\Controllers\Home.php on line 72.
 1 APPPATH\Controllers\Home.php(72): CodeIgniter\Debug\Exceptions->errorHandler(2, 'Undefined property: App\\Controllers\\Home::$load', 'D:\\xampp\\htdocs\\MercadilloElGitanillo\\MercadilloGitanillo\\app\\Controllers\\Home.php', 72)
 2 SYSTEMPATH\CodeIgniter.php(932): App\Controllers\Home->subirArticulo()
 3 SYSTEMPATH\CodeIgniter.php(497): CodeIgniter\CodeIgniter->runController(Object(App\Controllers\Home))
 4 SYSTEMPATH\CodeIgniter.php(366): CodeIgniter\CodeIgniter->handleRequest(null, Object(Config\Cache), false)
 5 FCPATH\index.php(67): CodeIgniter\CodeIgniter->run()
CRITICAL - 2024-01-03 12:17:48 --> Undefined property: App\Controllers\Home::$load
in APPPATH\Controllers\Home.php on line 72.
 1 APPPATH\Controllers\Home.php(72): CodeIgniter\Debug\Exceptions->errorHandler(2, 'Undefined property: App\\Controllers\\Home::$load', 'D:\\xampp\\htdocs\\MercadilloElGitanillo\\MercadilloGitanillo\\app\\Controllers\\Home.php', 72)
 2 SYSTEMPATH\CodeIgniter.php(932): App\Controllers\Home->subirArticulo()
 3 SYSTEMPATH\CodeIgniter.php(497): CodeIgniter\CodeIgniter->runController(Object(App\Controllers\Home))
 4 SYSTEMPATH\CodeIgniter.php(366): CodeIgniter\CodeIgniter->handleRequest(null, Object(Config\Cache), false)
 5 FCPATH\index.php(67): CodeIgniter\CodeIgniter->run()
CRITICAL - 2024-01-03 12:17:49 --> Undefined property: App\Controllers\Home::$load
in APPPATH\Controllers\Home.php on line 72.
 1 APPPATH\Controllers\Home.php(72): CodeIgniter\Debug\Exceptions->errorHandler(2, 'Undefined property: App\\Controllers\\Home::$load', 'D:\\xampp\\htdocs\\MercadilloElGitanillo\\MercadilloGitanillo\\app\\Controllers\\Home.php', 72)
 2 SYSTEMPATH\CodeIgniter.php(932): App\Controllers\Home->subirArticulo()
 3 SYSTEMPATH\CodeIgniter.php(497): CodeIgniter\CodeIgniter->runController(Object(App\Controllers\Home))
 4 SYSTEMPATH\CodeIgniter.php(366): CodeIgniter\CodeIgniter->handleRequest(null, Object(Config\Cache), false)
 5 FCPATH\index.php(67): CodeIgniter\CodeIgniter->run()
CRITICAL - 2024-01-03 12:17:49 --> Undefined property: App\Controllers\Home::$load
in APPPATH\Controllers\Home.php on line 72.
 1 APPPATH\Controllers\Home.php(72): CodeIgniter\Debug\Exceptions->errorHandler(2, 'Undefined property: App\\Controllers\\Home::$load', 'D:\\xampp\\htdocs\\MercadilloElGitanillo\\MercadilloGitanillo\\app\\Controllers\\Home.php', 72)
 2 SYSTEMPATH\CodeIgniter.php(932): App\Controllers\Home->subirArticulo()
 3 SYSTEMPATH\CodeIgniter.php(497): CodeIgniter\CodeIgniter->runController(Object(App\Controllers\Home))
 4 SYSTEMPATH\CodeIgniter.php(366): CodeIgniter\CodeIgniter->handleRequest(null, Object(Config\Cache), false)
 5 FCPATH\index.php(67): CodeIgniter\CodeIgniter->run()
CRITICAL - 2024-01-03 12:17:49 --> Undefined property: App\Controllers\Home::$load
in APPPATH\Controllers\Home.php on line 72.
 1 APPPATH\Controllers\Home.php(72): CodeIgniter\Debug\Exceptions->errorHandler(2, 'Undefined property: App\\Controllers\\Home::$load', 'D:\\xampp\\htdocs\\MercadilloElGitanillo\\MercadilloGitanillo\\app\\Controllers\\Home.php', 72)
 2 SYSTEMPATH\CodeIgniter.php(932): App\Controllers\Home->subirArticulo()
 3 SYSTEMPATH\CodeIgniter.php(497): CodeIgniter\CodeIgniter->runController(Object(App\Controllers\Home))
 4 SYSTEMPATH\CodeIgniter.php(366): CodeIgniter\CodeIgniter->handleRequest(null, Object(Config\Cache), false)
 5 FCPATH\index.php(67): CodeIgniter\CodeIgniter->run()
CRITICAL - 2024-01-03 12:17:49 --> Undefined property: App\Controllers\Home::$load
in APPPATH\Controllers\Home.php on line 72.
 1 APPPATH\Controllers\Home.php(72): CodeIgniter\Debug\Exceptions->errorHandler(2, 'Undefined property: App\\Controllers\\Home::$load', 'D:\\xampp\\htdocs\\MercadilloElGitanillo\\MercadilloGitanillo\\app\\Controllers\\Home.php', 72)
 2 SYSTEMPATH\CodeIgniter.php(932): App\Controllers\Home->subirArticulo()
 3 SYSTEMPATH\CodeIgniter.php(497): CodeIgniter\CodeIgniter->runController(Object(App\Controllers\Home))
 4 SYSTEMPATH\CodeIgniter.php(366): CodeIgniter\CodeIgniter->handleRequest(null, Object(Config\Cache), false)
 5 FCPATH\index.php(67): CodeIgniter\CodeIgniter->run()
CRITICAL - 2024-01-03 12:17:50 --> Undefined property: App\Controllers\Home::$load
in APPPATH\Controllers\Home.php on line 72.
 1 APPPATH\Controllers\Home.php(72): CodeIgniter\Debug\Exceptions->errorHandler(2, 'Undefined property: App\\Controllers\\Home::$load', 'D:\\xampp\\htdocs\\MercadilloElGitanillo\\MercadilloGitanillo\\app\\Controllers\\Home.php', 72)
 2 SYSTEMPATH\CodeIgniter.php(932): App\Controllers\Home->subirArticulo()
 3 SYSTEMPATH\CodeIgniter.php(497): CodeIgniter\CodeIgniter->runController(Object(App\Controllers\Home))
 4 SYSTEMPATH\CodeIgniter.php(366): CodeIgniter\CodeIgniter->handleRequest(null, Object(Config\Cache), false)
 5 FCPATH\index.php(67): CodeIgniter\CodeIgniter->run()
CRITICAL - 2024-01-03 12:17:50 --> Undefined property: App\Controllers\Home::$load
in APPPATH\Controllers\Home.php on line 72.
 1 APPPATH\Controllers\Home.php(72): CodeIgniter\Debug\Exceptions->errorHandler(2, 'Undefined property: App\\Controllers\\Home::$load', 'D:\\xampp\\htdocs\\MercadilloElGitanillo\\MercadilloGitanillo\\app\\Controllers\\Home.php', 72)
 2 SYSTEMPATH\CodeIgniter.php(932): App\Controllers\Home->subirArticulo()
 3 SYSTEMPATH\CodeIgniter.php(497): CodeIgniter\CodeIgniter->runController(Object(App\Controllers\Home))
 4 SYSTEMPATH\CodeIgniter.php(366): CodeIgniter\CodeIgniter->handleRequest(null, Object(Config\Cache), false)
 5 FCPATH\index.php(67): CodeIgniter\CodeIgniter->run()
CRITICAL - 2024-01-03 12:17:55 --> Undefined property: App\Controllers\Home::$load
in APPPATH\Controllers\Home.php on line 72.
 1 APPPATH\Controllers\Home.php(72): CodeIgniter\Debug\Exceptions->errorHandler(2, 'Undefined property: App\\Controllers\\Home::$load', 'D:\\xampp\\htdocs\\MercadilloElGitanillo\\MercadilloGitanillo\\app\\Controllers\\Home.php', 72)
 2 SYSTEMPATH\CodeIgniter.php(932): App\Controllers\Home->subirArticulo()
 3 SYSTEMPATH\CodeIgniter.php(497): CodeIgniter\CodeIgniter->runController(Object(App\Controllers\Home))
 4 SYSTEMPATH\CodeIgniter.php(366): CodeIgniter\CodeIgniter->handleRequest(null, Object(Config\Cache), false)
 5 FCPATH\index.php(67): CodeIgniter\CodeIgniter->run()
CRITICAL - 2024-01-03 12:18:04 --> Undefined property: App\Controllers\Home::$load
in APPPATH\Controllers\Home.php on line 72.
 1 APPPATH\Controllers\Home.php(72): CodeIgniter\Debug\Exceptions->errorHandler(2, 'Undefined property: App\\Controllers\\Home::$load', 'D:\\xampp\\htdocs\\MercadilloElGitanillo\\MercadilloGitanillo\\app\\Controllers\\Home.php', 72)
 2 SYSTEMPATH\CodeIgniter.php(932): App\Controllers\Home->subirArticulo()
 3 SYSTEMPATH\CodeIgniter.php(497): CodeIgniter\CodeIgniter->runController(Object(App\Controllers\Home))
 4 SYSTEMPATH\CodeIgniter.php(366): CodeIgniter\CodeIgniter->handleRequest(null, Object(Config\Cache), false)
 5 FCPATH\index.php(67): CodeIgniter\CodeIgniter->run()
CRITICAL - 2024-01-03 12:19:20 --> Undefined property: App\Controllers\Home::$load
in APPPATH\Controllers\Home.php on line 73.
 1 APPPATH\Controllers\Home.php(73): CodeIgniter\Debug\Exceptions->errorHandler(2, 'Undefined property: App\\Controllers\\Home::$load', 'D:\\xampp\\htdocs\\MercadilloElGitanillo\\MercadilloGitanillo\\app\\Controllers\\Home.php', 73)
 2 SYSTEMPATH\CodeIgniter.php(932): App\Controllers\Home->subirArticulo()
 3 SYSTEMPATH\CodeIgniter.php(497): CodeIgniter\CodeIgniter->runController(Object(App\Controllers\Home))
 4 SYSTEMPATH\CodeIgniter.php(366): CodeIgniter\CodeIgniter->handleRequest(null, Object(Config\Cache), false)
 5 FCPATH\index.php(67): CodeIgniter\CodeIgniter->run()
CRITICAL - 2024-01-03 12:19:26 --> Undefined property: App\Controllers\Home::$load
in APPPATH\Controllers\Home.php on line 73.
 1 APPPATH\Controllers\Home.php(73): CodeIgniter\Debug\Exceptions->errorHandler(2, 'Undefined property: App\\Controllers\\Home::$load', 'D:\\xampp\\htdocs\\MercadilloElGitanillo\\MercadilloGitanillo\\app\\Controllers\\Home.php', 73)
 2 SYSTEMPATH\CodeIgniter.php(932): App\Controllers\Home->subirArticulo()
 3 SYSTEMPATH\CodeIgniter.php(497): CodeIgniter\CodeIgniter->runController(Object(App\Controllers\Home))
 4 SYSTEMPATH\CodeIgniter.php(366): CodeIgniter\CodeIgniter->handleRequest(null, Object(Config\Cache), false)
 5 FCPATH\index.php(67): CodeIgniter\CodeIgniter->run()
CRITICAL - 2024-01-03 12:23:45 --> Unmatched '}'
in APPPATH\Controllers\Home.php on line 76.
 1 SYSTEMPATH\Autoloader\Autoloader.php(291): CodeIgniter\Autoloader\Autoloader->includeFile('D:\\xampp\\htdocs\\MercadilloElGitanillo\\MercadilloGitanillo\\app\\Controllers\\Home.php')
 2 SYSTEMPATH\Autoloader\Autoloader.php(269): CodeIgniter\Autoloader\Autoloader->loadInNamespace('App\\Controllers\\Home')
 3 [internal function]: CodeIgniter\Autoloader\Autoloader->loadClass('App\\Controllers\\Home')
 4 SYSTEMPATH\CodeIgniter.php(890): class_exists('\\App\\Controllers\\Home', true)
 5 SYSTEMPATH\CodeIgniter.php(484): CodeIgniter\CodeIgniter->startController()
 6 SYSTEMPATH\CodeIgniter.php(366): CodeIgniter\CodeIgniter->handleRequest(null, Object(Config\Cache), false)
 7 FCPATH\index.php(69): CodeIgniter\CodeIgniter->run()
CRITICAL - 2024-01-03 12:24:39 --> Undefined property: App\Controllers\Home::$load
in APPPATH\Controllers\Home.php on line 73.
 1 APPPATH\Controllers\Home.php(73): CodeIgniter\Debug\Exceptions->errorHandler(2, 'Undefined property: App\\Controllers\\Home::$load', 'D:\\xampp\\htdocs\\MercadilloElGitanillo\\MercadilloGitanillo\\app\\Controllers\\Home.php', 73)
 2 SYSTEMPATH\CodeIgniter.php(932): App\Controllers\Home->subirArticulo()
 3 SYSTEMPATH\CodeIgniter.php(497): CodeIgniter\CodeIgniter->runController(Object(App\Controllers\Home))
 4 SYSTEMPATH\CodeIgniter.php(366): CodeIgniter\CodeIgniter->handleRequest(null, Object(Config\Cache), false)
 5 FCPATH\index.php(69): CodeIgniter\CodeIgniter->run()
CRITICAL - 2024-01-03 12:26:00 --> Undefined variable $valor
in APPPATH\Controllers\Home.php on line 73.
 1 APPPATH\Controllers\Home.php(73): CodeIgniter\Debug\Exceptions->errorHandler(2, 'Undefined variable $valor', 'D:\\xampp\\htdocs\\MercadilloElGitanillo\\MercadilloGitanillo\\app\\Controllers\\Home.php', 73)
 2 SYSTEMPATH\CodeIgniter.php(932): App\Controllers\Home->subirArticulo()
 3 SYSTEMPATH\CodeIgniter.php(497): CodeIgniter\CodeIgniter->runController(Object(App\Controllers\Home))
 4 SYSTEMPATH\CodeIgniter.php(366): CodeIgniter\CodeIgniter->handleRequest(null, Object(Config\Cache), false)
 5 FCPATH\index.php(69): CodeIgniter\CodeIgniter->run()
CRITICAL - 2024-01-03 12:27:21 --> session_start(): Ignoring session_start() because a session is already active
in APPPATH\Views\Perfil.php on line 2.
 1 [internal function]: CodeIgniter\Debug\Exceptions->errorHandler(8, 'session_start(): Ignoring session_start() because a session is already active', 'D:\\xampp\\htdocs\\MercadilloElGitanillo\\MercadilloGitanillo\\app\\Views\\Perfil.php', 2)
 2 APPPATH\Views\Perfil.php(2): session_start()
 3 SYSTEMPATH\View\View.php(224): include('D:\\xampp\\htdocs\\MercadilloElGitanillo\\MercadilloGitanillo\\app\\Views\\Perfil.php')
 4 SYSTEMPATH\View\View.php(227): CodeIgniter\View\View->CodeIgniter\View\{closure}()
 5 SYSTEMPATH\Common.php(1176): CodeIgniter\View\View->render('Perfil', [], true)
 6 APPPATH\Controllers\Home.php(73): view('Perfil', [...])
 7 SYSTEMPATH\CodeIgniter.php(932): App\Controllers\Home->subirArticulo()
 8 SYSTEMPATH\CodeIgniter.php(497): CodeIgniter\CodeIgniter->runController(Object(App\Controllers\Home))
 9 SYSTEMPATH\CodeIgniter.php(366): CodeIgniter\CodeIgniter->handleRequest(null, Object(Config\Cache), false)
10 FCPATH\index.php(69): CodeIgniter\CodeIgniter->run()
CRITICAL - 2024-01-03 12:28:06 --> Undefined property: CodeIgniter\View\View::$load
in APPPATH\Views\Perfil.php on line 28.
 1 APPPATH\Views\Perfil.php(28): CodeIgniter\Debug\Exceptions->errorHandler(2, 'Undefined property: CodeIgniter\\View\\View::$load', 'D:\\xampp\\htdocs\\MercadilloElGitanillo\\MercadilloGitanillo\\app\\Views\\Perfil.php', 28)
 2 SYSTEMPATH\View\View.php(224): include('D:\\xampp\\htdocs\\MercadilloElGitanillo\\MercadilloGitanillo\\app\\Views\\Perfil.php')
 3 SYSTEMPATH\View\View.php(227): CodeIgniter\View\View->CodeIgniter\View\{closure}()
 4 SYSTEMPATH\Common.php(1176): CodeIgniter\View\View->render('Perfil', [], true)
 5 APPPATH\Controllers\Home.php(73): view('Perfil', [...])
 6 SYSTEMPATH\CodeIgniter.php(932): App\Controllers\Home->subirArticulo()
 7 SYSTEMPATH\CodeIgniter.php(497): CodeIgniter\CodeIgniter->runController(Object(App\Controllers\Home))
 8 SYSTEMPATH\CodeIgniter.php(366): CodeIgniter\CodeIgniter->handleRequest(null, Object(Config\Cache), false)
 9 FCPATH\index.php(69): CodeIgniter\CodeIgniter->run()
CRITICAL - 2024-01-03 12:28:30 --> Undefined property: CodeIgniter\View\View::$load
in APPPATH\Views\Perfil.php on line 26.
 1 APPPATH\Views\Perfil.php(26): CodeIgniter\Debug\Exceptions->errorHandler(2, 'Undefined property: CodeIgniter\\View\\View::$load', 'D:\\xampp\\htdocs\\MercadilloElGitanillo\\MercadilloGitanillo\\app\\Views\\Perfil.php', 26)
 2 SYSTEMPATH\View\View.php(224): include('D:\\xampp\\htdocs\\MercadilloElGitanillo\\MercadilloGitanillo\\app\\Views\\Perfil.php')
 3 SYSTEMPATH\View\View.php(227): CodeIgniter\View\View->CodeIgniter\View\{closure}()
 4 SYSTEMPATH\Common.php(1176): CodeIgniter\View\View->render('Perfil', [], true)
 5 APPPATH\Controllers\Home.php(73): view('Perfil', [...])
 6 SYSTEMPATH\CodeIgniter.php(932): App\Controllers\Home->subirArticulo()
 7 SYSTEMPATH\CodeIgniter.php(497): CodeIgniter\CodeIgniter->runController(Object(App\Controllers\Home))
 8 SYSTEMPATH\CodeIgniter.php(366): CodeIgniter\CodeIgniter->handleRequest(null, Object(Config\Cache), false)
 9 FCPATH\index.php(69): CodeIgniter\CodeIgniter->run()
CRITICAL - 2024-01-03 12:36:29 --> syntax error, unexpected token "<", expecting end of file
in APPPATH\Views\Perfil.php on line 28.
 1 SYSTEMPATH\View\View.php(227): CodeIgniter\View\View->CodeIgniter\View\{closure}()
 2 SYSTEMPATH\Common.php(1176): CodeIgniter\View\View->render('Perfil', [], true)
 3 APPPATH\Controllers\Home.php(73): view('Perfil', [...])
 4 SYSTEMPATH\CodeIgniter.php(932): App\Controllers\Home->subirArticulo()
 5 SYSTEMPATH\CodeIgniter.php(497): CodeIgniter\CodeIgniter->runController(Object(App\Controllers\Home))
 6 SYSTEMPATH\CodeIgniter.php(366): CodeIgniter\CodeIgniter->handleRequest(null, Object(Config\Cache), false)
 7 FCPATH\index.php(69): CodeIgniter\CodeIgniter->run()
CRITICAL - 2024-01-03 12:36:51 --> Undefined global variable $_SESSION
in APPPATH\Views\Perfil.php on line 13.
 1 APPPATH\Views\Perfil.php(13): CodeIgniter\Debug\Exceptions->errorHandler(2, 'Undefined global variable $_SESSION', 'D:\\xampp\\htdocs\\MercadilloElGitanillo\\MercadilloGitanillo\\app\\Views\\Perfil.php', 13)
 2 SYSTEMPATH\View\View.php(224): include('D:\\xampp\\htdocs\\MercadilloElGitanillo\\MercadilloGitanillo\\app\\Views\\Perfil.php')
 3 SYSTEMPATH\View\View.php(227): CodeIgniter\View\View->CodeIgniter\View\{closure}()
 4 SYSTEMPATH\Common.php(1176): CodeIgniter\View\View->render('Perfil', [], true)
 5 APPPATH\Controllers\Home.php(73): view('Perfil', [...])
 6 SYSTEMPATH\CodeIgniter.php(932): App\Controllers\Home->subirArticulo()
 7 SYSTEMPATH\CodeIgniter.php(497): CodeIgniter\CodeIgniter->runController(Object(App\Controllers\Home))
 8 SYSTEMPATH\CodeIgniter.php(366): CodeIgniter\CodeIgniter->handleRequest(null, Object(Config\Cache), false)
 9 FCPATH\index.php(69): CodeIgniter\CodeIgniter->run()
CRITICAL - 2024-01-03 14:00:00 --> Unclosed '{' on line 21
in APPPATH\Views\Perfil.php on line 39.
 1 SYSTEMPATH\View\View.php(227): CodeIgniter\View\View->CodeIgniter\View\{closure}()
 2 SYSTEMPATH\Common.php(1176): CodeIgniter\View\View->render('Perfil', [], true)
 3 APPPATH\Controllers\Home.php(73): view('Perfil', [...])
 4 SYSTEMPATH\CodeIgniter.php(932): App\Controllers\Home->subirArticulo()
 5 SYSTEMPATH\CodeIgniter.php(497): CodeIgniter\CodeIgniter->runController(Object(App\Controllers\Home))
 6 SYSTEMPATH\CodeIgniter.php(366): CodeIgniter\CodeIgniter->handleRequest(null, Object(Config\Cache), false)
 7 FCPATH\index.php(69): CodeIgniter\CodeIgniter->run()
