CRITICAL - 2024-01-09 08:15:23 --> copy(d:xampp/htdocs/MercadilloGitanillo/public/fotoProducto/1parse.png): Failed to open stream: No such file or directory
in APPPATH\Controllers\Home.php on line 109.
 1 [internal function]: CodeIgniter\Debug\Exceptions->errorHandler(2, 'copy(d:xampp/htdocs/MercadilloGitanillo/public/fotoProducto/1parse.png): Failed to open stream: No such file or directory', 'C:\\xampp\\htdocs\\MercadilloGitanillo\\app\\Controllers\\Home.php', 109)
 2 APPPATH\Controllers\Home.php(109): copy('C:\\xampp\\tmp\\phpA95E.tmp', 'd:xampp/htdocs/MercadilloGitanillo/public/fotoProducto/1parse.png')
 3 SYSTEMPATH\CodeIgniter.php(932): App\Controllers\Home->subirAguacate()
 4 SYSTEMPATH\CodeIgniter.php(497): CodeIgniter\CodeIgniter->runController(Object(App\Controllers\Home))
 5 SYSTEMPATH\CodeIgniter.php(366): CodeIgniter\CodeIgniter->handleRequest(null, Object(Config\Cache), false)
 6 FCPATH\index.php(69): CodeIgniter\CodeIgniter->run()
ERROR - 2024-01-09 13:00:37 --> mysqli_sql_exception: Duplicate entry '1-ordenador-MSI GAMA ALTA GX43-1ordenador.png' for key 'cod_usuario' in C:\xampp\htdocs\MercadilloGitanillo\system\Database\MySQLi\Connection.php:295
Stack trace:
#0 C:\xampp\htdocs\MercadilloGitanillo\system\Database\MySQLi\Connection.php(295): mysqli->query('INSERT INTO art...', 0)
#1 C:\xampp\htdocs\MercadilloGitanillo\system\Database\BaseConnection.php(692): CodeIgniter\Database\MySQLi\Connection->execute('INSERT INTO art...')
#2 C:\xampp\htdocs\MercadilloGitanillo\system\Database\BaseConnection.php(606): CodeIgniter\Database\BaseConnection->simpleQuery('INSERT INTO art...')
#3 C:\xampp\htdocs\MercadilloGitanillo\app\Models\Modelo.php(36): CodeIgniter\Database\BaseConnection->query('INSERT INTO art...', Array)
#4 C:\xampp\htdocs\MercadilloGitanillo\app\Controllers\Home.php(112): App\models\Modelo->insertaProducto('1', 'ordenador', 'MSI GAMA ALTA G...', 'Otra', 'Como Nuevo', '50', '1ordenador.png')
#5 C:\xampp\htdocs\MercadilloGitanillo\system\CodeIgniter.php(932): App\Controllers\Home->subirAguacate()
#6 C:\xampp\htdocs\MercadilloGitanillo\system\CodeIgniter.php(497): CodeIgniter\CodeIgniter->runController(Object(App\Controllers\Home))
#7 C:\xampp\htdocs\MercadilloGitanillo\system\CodeIgniter.php(366): CodeIgniter\CodeIgniter->handleRequest(NULL, Object(Config\Cache), false)
#8 C:\xampp\htdocs\MercadilloGitanillo\public\index.php(69): CodeIgniter\CodeIgniter->run()
#9 {main}
CRITICAL - 2024-01-09 13:00:37 --> Duplicate entry '1-ordenador-MSI GAMA ALTA GX43-1ordenador.png' for key 'cod_usuario'
in SYSTEMPATH\Database\MySQLi\Connection.php on line 295.
 1 SYSTEMPATH\Database\MySQLi\Connection.php(295): mysqli->query('INSERT INTO articulos (cod_usuario,nombre,descripcion,foto,precio,categoria,estado,activo)
                VALUES(\'1\',\'ordenador\',\'MSI GAMA ALTA GX43\',\'1ordenador.png\',\'50\',\'Otra\',\'Como Nuevo\',1)', 0)
 2 SYSTEMPATH\Database\BaseConnection.php(692): CodeIgniter\Database\MySQLi\Connection->execute('INSERT INTO articulos (cod_usuario,nombre,descripcion,foto,precio,categoria,estado,activo)
                VALUES(\'1\',\'ordenador\',\'MSI GAMA ALTA GX43\',\'1ordenador.png\',\'50\',\'Otra\',\'Como Nuevo\',1)')
 3 SYSTEMPATH\Database\BaseConnection.php(606): CodeIgniter\Database\BaseConnection->simpleQuery('INSERT INTO articulos (cod_usuario,nombre,descripcion,foto,precio,categoria,estado,activo)
                VALUES(\'1\',\'ordenador\',\'MSI GAMA ALTA GX43\',\'1ordenador.png\',\'50\',\'Otra\',\'Como Nuevo\',1)')
 4 APPPATH\Models\Modelo.php(36): CodeIgniter\Database\BaseConnection->query('INSERT INTO articulos (cod_usuario,nombre,descripcion,foto,precio,categoria,estado,activo)
                VALUES(?,?,?,?,?,?,?,?)', [...])
 5 APPPATH\Controllers\Home.php(112): App\models\Modelo->insertaProducto('1', 'ordenador', 'MSI GAMA ALTA GX43', 'Otra', 'Como Nuevo', '50', '1ordenador.png')
 6 SYSTEMPATH\CodeIgniter.php(932): App\Controllers\Home->subirAguacate()
 7 SYSTEMPATH\CodeIgniter.php(497): CodeIgniter\CodeIgniter->runController(Object(App\Controllers\Home))
 8 SYSTEMPATH\CodeIgniter.php(366): CodeIgniter\CodeIgniter->handleRequest(null, Object(Config\Cache), false)
 9 FCPATH\index.php(69): CodeIgniter\CodeIgniter->run()
