CRITICAL - 2024-01-11 11:30:00 --> Call to undefined function App\models\query()
in APPPATH\Models\Modelo.php on line 9.
 1 APPPATH\Controllers\Home.php(10): App\models\Modelo->dameArticulos()
 2 SYSTEMPATH\CodeIgniter.php(932): App\Controllers\Home->index()
 3 SYSTEMPATH\CodeIgniter.php(497): CodeIgniter\CodeIgniter->runController(Object(App\Controllers\Home))
 4 SYSTEMPATH\CodeIgniter.php(366): CodeIgniter\CodeIgniter->handleRequest(null, Object(Config\Cache), false)
 5 FCPATH\index.php(69): CodeIgniter\CodeIgniter->run()
CRITICAL - 2024-01-11 11:30:38 --> Unmatched '}'
in APPPATH\Views\Usuario.php on line 137.
 1 SYSTEMPATH\View\View.php(227): CodeIgniter\View\View->CodeIgniter\View\{closure}()
 2 SYSTEMPATH\Common.php(1176): CodeIgniter\View\View->render('Usuario', [], true)
 3 APPPATH\Controllers\Home.php(11): view('Usuario')
 4 SYSTEMPATH\CodeIgniter.php(932): App\Controllers\Home->index()
 5 SYSTEMPATH\CodeIgniter.php(497): CodeIgniter\CodeIgniter->runController(Object(App\Controllers\Home))
 6 SYSTEMPATH\CodeIgniter.php(366): CodeIgniter\CodeIgniter->handleRequest(null, Object(Config\Cache), false)
 7 FCPATH\index.php(69): CodeIgniter\CodeIgniter->run()
CRITICAL - 2024-01-11 12:30:52 --> Undefined variable $articulos
in APPPATH\Views\Usuario.php on line 110.
 1 APPPATH\Views\Usuario.php(110): CodeIgniter\Debug\Exceptions->errorHandler(2, 'Undefined variable $articulos', 'C:\\xampp\\htdocs\\MercadilloGitanillo\\app\\Views\\Usuario.php', 110)
 2 SYSTEMPATH\View\View.php(224): include('C:\\xampp\\htdocs\\MercadilloGitanillo\\app\\Views\\Usuario.php')
 3 SYSTEMPATH\View\View.php(227): CodeIgniter\View\View->CodeIgniter\View\{closure}()
 4 SYSTEMPATH\Common.php(1176): CodeIgniter\View\View->render('Usuario', [], true)
 5 APPPATH\Controllers\Home.php(11): view('Usuario')
 6 SYSTEMPATH\CodeIgniter.php(932): App\Controllers\Home->index()
 7 SYSTEMPATH\CodeIgniter.php(497): CodeIgniter\CodeIgniter->runController(Object(App\Controllers\Home))
 8 SYSTEMPATH\CodeIgniter.php(366): CodeIgniter\CodeIgniter->handleRequest(null, Object(Config\Cache), false)
 9 FCPATH\index.php(69): CodeIgniter\CodeIgniter->run()
CRITICAL - 2024-01-11 12:31:21 --> Undefined variable $articulos
in APPPATH\Views\Usuario.php on line 110.
 1 APPPATH\Views\Usuario.php(110): CodeIgniter\Debug\Exceptions->errorHandler(2, 'Undefined variable $articulos', 'C:\\xampp\\htdocs\\MercadilloGitanillo\\app\\Views\\Usuario.php', 110)
 2 SYSTEMPATH\View\View.php(224): include('C:\\xampp\\htdocs\\MercadilloGitanillo\\app\\Views\\Usuario.php')
 3 SYSTEMPATH\View\View.php(227): CodeIgniter\View\View->CodeIgniter\View\{closure}()
 4 SYSTEMPATH\Common.php(1176): CodeIgniter\View\View->render('Usuario', [], true)
 5 APPPATH\Controllers\Home.php(11): view('Usuario', [...])
 6 SYSTEMPATH\CodeIgniter.php(932): App\Controllers\Home->index()
 7 SYSTEMPATH\CodeIgniter.php(497): CodeIgniter\CodeIgniter->runController(Object(App\Controllers\Home))
 8 SYSTEMPATH\CodeIgniter.php(366): CodeIgniter\CodeIgniter->handleRequest(null, Object(Config\Cache), false)
 9 FCPATH\index.php(69): CodeIgniter\CodeIgniter->run()
CRITICAL - 2024-01-11 12:31:23 --> Undefined variable $articulos
in APPPATH\Views\Usuario.php on line 110.
 1 APPPATH\Views\Usuario.php(110): CodeIgniter\Debug\Exceptions->errorHandler(2, 'Undefined variable $articulos', 'C:\\xampp\\htdocs\\MercadilloGitanillo\\app\\Views\\Usuario.php', 110)
 2 SYSTEMPATH\View\View.php(224): include('C:\\xampp\\htdocs\\MercadilloGitanillo\\app\\Views\\Usuario.php')
 3 SYSTEMPATH\View\View.php(227): CodeIgniter\View\View->CodeIgniter\View\{closure}()
 4 SYSTEMPATH\Common.php(1176): CodeIgniter\View\View->render('Usuario', [], true)
 5 APPPATH\Controllers\Home.php(11): view('Usuario', [...])
 6 SYSTEMPATH\CodeIgniter.php(932): App\Controllers\Home->index()
 7 SYSTEMPATH\CodeIgniter.php(497): CodeIgniter\CodeIgniter->runController(Object(App\Controllers\Home))
 8 SYSTEMPATH\CodeIgniter.php(366): CodeIgniter\CodeIgniter->handleRequest(null, Object(Config\Cache), false)
 9 FCPATH\index.php(69): CodeIgniter\CodeIgniter->run()
CRITICAL - 2024-01-11 12:33:50 --> Undefined variable $articulos
in APPPATH\Views\Usuario.php on line 110.
 1 APPPATH\Views\Usuario.php(110): CodeIgniter\Debug\Exceptions->errorHandler(2, 'Undefined variable $articulos', 'C:\\xampp\\htdocs\\MercadilloGitanillo\\app\\Views\\Usuario.php', 110)
 2 SYSTEMPATH\View\View.php(224): include('C:\\xampp\\htdocs\\MercadilloGitanillo\\app\\Views\\Usuario.php')
 3 SYSTEMPATH\View\View.php(227): CodeIgniter\View\View->CodeIgniter\View\{closure}()
 4 SYSTEMPATH\Common.php(1176): CodeIgniter\View\View->render('Usuario', [], true)
 5 APPPATH\Controllers\Home.php(31): view('Usuario', [...])
 6 SYSTEMPATH\CodeIgniter.php(932): App\Controllers\Home->comprueba()
 7 SYSTEMPATH\CodeIgniter.php(497): CodeIgniter\CodeIgniter->runController(Object(App\Controllers\Home))
 8 SYSTEMPATH\CodeIgniter.php(366): CodeIgniter\CodeIgniter->handleRequest(null, Object(Config\Cache), false)
 9 FCPATH\index.php(69): CodeIgniter\CodeIgniter->run()
CRITICAL - 2024-01-11 12:47:21 --> Undefined variable $articulos
in APPPATH\Views\Usuario.php on line 110.
 1 APPPATH\Views\Usuario.php(110): CodeIgniter\Debug\Exceptions->errorHandler(2, 'Undefined variable $articulos', 'C:\\xampp\\htdocs\\MercadilloGitanillo\\app\\Views\\Usuario.php', 110)
 2 SYSTEMPATH\View\View.php(224): include('C:\\xampp\\htdocs\\MercadilloGitanillo\\app\\Views\\Usuario.php')
 3 SYSTEMPATH\View\View.php(227): CodeIgniter\View\View->CodeIgniter\View\{closure}()
 4 SYSTEMPATH\Common.php(1176): CodeIgniter\View\View->render('Usuario', [], true)
 5 APPPATH\Controllers\Home.php(78): view('Usuario')
 6 SYSTEMPATH\CodeIgniter.php(932): App\Controllers\Home->cerrarSesion()
 7 SYSTEMPATH\CodeIgniter.php(497): CodeIgniter\CodeIgniter->runController(Object(App\Controllers\Home))
 8 SYSTEMPATH\CodeIgniter.php(366): CodeIgniter\CodeIgniter->handleRequest(null, Object(Config\Cache), false)
 9 FCPATH\index.php(69): CodeIgniter\CodeIgniter->run()
CRITICAL - 2024-01-11 12:47:25 --> Undefined variable $articulos
in APPPATH\Views\Usuario.php on line 110.
 1 APPPATH\Views\Usuario.php(110): CodeIgniter\Debug\Exceptions->errorHandler(2, 'Undefined variable $articulos', 'C:\\xampp\\htdocs\\MercadilloGitanillo\\app\\Views\\Usuario.php', 110)
 2 SYSTEMPATH\View\View.php(224): include('C:\\xampp\\htdocs\\MercadilloGitanillo\\app\\Views\\Usuario.php')
 3 SYSTEMPATH\View\View.php(227): CodeIgniter\View\View->CodeIgniter\View\{closure}()
 4 SYSTEMPATH\Common.php(1176): CodeIgniter\View\View->render('Usuario', [], true)
 5 APPPATH\Controllers\Home.php(78): view('Usuario')
 6 SYSTEMPATH\CodeIgniter.php(932): App\Controllers\Home->cerrarSesion()
 7 SYSTEMPATH\CodeIgniter.php(497): CodeIgniter\CodeIgniter->runController(Object(App\Controllers\Home))
 8 SYSTEMPATH\CodeIgniter.php(366): CodeIgniter\CodeIgniter->handleRequest(null, Object(Config\Cache), false)
 9 FCPATH\index.php(69): CodeIgniter\CodeIgniter->run()
CRITICAL - 2024-01-11 13:02:16 --> Undefined variable $articulos
in APPPATH\Views\Usuario.php on line 109.
 1 APPPATH\Views\Usuario.php(109): CodeIgniter\Debug\Exceptions->errorHandler(2, 'Undefined variable $articulos', 'C:\\xampp\\htdocs\\MercadilloGitanillo\\app\\Views\\Usuario.php', 109)
 2 SYSTEMPATH\View\View.php(224): include('C:\\xampp\\htdocs\\MercadilloGitanillo\\app\\Views\\Usuario.php')
 3 SYSTEMPATH\View\View.php(227): CodeIgniter\View\View->CodeIgniter\View\{closure}()
 4 SYSTEMPATH\Common.php(1176): CodeIgniter\View\View->render('Usuario', [], true)
 5 APPPATH\Controllers\Home.php(78): view('Usuario')
 6 SYSTEMPATH\CodeIgniter.php(932): App\Controllers\Home->cerrarSesion()
 7 SYSTEMPATH\CodeIgniter.php(497): CodeIgniter\CodeIgniter->runController(Object(App\Controllers\Home))
 8 SYSTEMPATH\CodeIgniter.php(366): CodeIgniter\CodeIgniter->handleRequest(null, Object(Config\Cache), false)
 9 FCPATH\index.php(69): CodeIgniter\CodeIgniter->run()
CRITICAL - 2024-01-11 12:05:26 --> Undefined variable $modelo
in APPPATH\Controllers\Home.php on line 80.
 1 APPPATH\Controllers\Home.php(80): CodeIgniter\Debug\Exceptions->errorHandler(2, 'Undefined variable $modelo', 'C:\\xampp\\htdocs\\MercadilloGitanillo\\app\\Controllers\\Home.php', 80)
 2 SYSTEMPATH\CodeIgniter.php(932): App\Controllers\Home->cerrarSesion()
 3 SYSTEMPATH\CodeIgniter.php(497): CodeIgniter\CodeIgniter->runController(Object(App\Controllers\Home))
 4 SYSTEMPATH\CodeIgniter.php(366): CodeIgniter\CodeIgniter->handleRequest(null, Object(Config\Cache), false)
 5 FCPATH\index.php(69): CodeIgniter\CodeIgniter->run()
CRITICAL - 2024-01-11 12:33:36 --> syntax error, unexpected identifier "cambiarEstadoVenta", expecting "function" or "const"
in APPPATH\Controllers\Home.php on line 154.
 1 SYSTEMPATH\Autoloader\Autoloader.php(291): CodeIgniter\Autoloader\Autoloader->includeFile('C:\\xampp\\htdocs\\MercadilloGitanillo\\app\\Controllers\\Home.php')
 2 SYSTEMPATH\Autoloader\Autoloader.php(269): CodeIgniter\Autoloader\Autoloader->loadInNamespace('App\\Controllers\\Home')
 3 [internal function]: CodeIgniter\Autoloader\Autoloader->loadClass('App\\Controllers\\Home')
 4 SYSTEMPATH\CodeIgniter.php(890): class_exists('\\App\\Controllers\\Home', true)
 5 SYSTEMPATH\CodeIgniter.php(484): CodeIgniter\CodeIgniter->startController()
 6 SYSTEMPATH\CodeIgniter.php(366): CodeIgniter\CodeIgniter->handleRequest(null, Object(Config\Cache), false)
 7 FCPATH\index.php(69): CodeIgniter\CodeIgniter->run()
CRITICAL - 2024-01-11 12:34:12 --> Undefined variable $request
in APPPATH\Controllers\Home.php on line 157.
 1 APPPATH\Controllers\Home.php(157): CodeIgniter\Debug\Exceptions->errorHandler(2, 'Undefined variable $request', 'C:\\xampp\\htdocs\\MercadilloGitanillo\\app\\Controllers\\Home.php', 157)
 2 SYSTEMPATH\CodeIgniter.php(932): App\Controllers\Home->cambiarEstadoVenta()
 3 SYSTEMPATH\CodeIgniter.php(497): CodeIgniter\CodeIgniter->runController(Object(App\Controllers\Home))
 4 SYSTEMPATH\CodeIgniter.php(366): CodeIgniter\CodeIgniter->handleRequest(null, Object(Config\Cache), false)
 5 FCPATH\index.php(69): CodeIgniter\CodeIgniter->run()
CRITICAL - 2024-01-11 12:34:33 --> Object of class CodeIgniter\Database\MySQLi\Result could not be converted to int
in APPPATH\Models\Modelo.php on line 72.
 1 APPPATH\Models\Modelo.php(72): CodeIgniter\Debug\Exceptions->errorHandler(8, 'Object of class CodeIgniter\\Database\\MySQLi\\Result could not be converted to int', 'C:\\xampp\\htdocs\\MercadilloGitanillo\\app\\Models\\Modelo.php', 72)
 2 APPPATH\Controllers\Home.php(158): App\models\Modelo->cambiaEstadoVenta('1')
 3 SYSTEMPATH\CodeIgniter.php(932): App\Controllers\Home->cambiarEstadoVenta()
 4 SYSTEMPATH\CodeIgniter.php(497): CodeIgniter\CodeIgniter->runController(Object(App\Controllers\Home))
 5 SYSTEMPATH\CodeIgniter.php(366): CodeIgniter\CodeIgniter->handleRequest(null, Object(Config\Cache), false)
 6 FCPATH\index.php(69): CodeIgniter\CodeIgniter->run()
CRITICAL - 2024-01-11 12:36:55 --> Undefined variable $resultado
in APPPATH\Models\Modelo.php on line 71.
 1 APPPATH\Models\Modelo.php(71): CodeIgniter\Debug\Exceptions->errorHandler(2, 'Undefined variable $resultado', 'C:\\xampp\\htdocs\\MercadilloGitanillo\\app\\Models\\Modelo.php', 71)
 2 APPPATH\Controllers\Home.php(158): App\models\Modelo->cambiaEstadoVenta('1')
 3 SYSTEMPATH\CodeIgniter.php(932): App\Controllers\Home->cambiarEstadoVenta()
 4 SYSTEMPATH\CodeIgniter.php(497): CodeIgniter\CodeIgniter->runController(Object(App\Controllers\Home))
 5 SYSTEMPATH\CodeIgniter.php(366): CodeIgniter\CodeIgniter->handleRequest(null, Object(Config\Cache), false)
 6 FCPATH\index.php(69): CodeIgniter\CodeIgniter->run()
CRITICAL - 2024-01-11 12:37:05 --> Undefined global variable $_SESSION
in APPPATH\Controllers\Home.php on line 161.
 1 APPPATH\Controllers\Home.php(161): CodeIgniter\Debug\Exceptions->errorHandler(2, 'Undefined global variable $_SESSION', 'C:\\xampp\\htdocs\\MercadilloGitanillo\\app\\Controllers\\Home.php', 161)
 2 SYSTEMPATH\CodeIgniter.php(932): App\Controllers\Home->cambiarEstadoVenta()
 3 SYSTEMPATH\CodeIgniter.php(497): CodeIgniter\CodeIgniter->runController(Object(App\Controllers\Home))
 4 SYSTEMPATH\CodeIgniter.php(366): CodeIgniter\CodeIgniter->handleRequest(null, Object(Config\Cache), false)
 5 FCPATH\index.php(69): CodeIgniter\CodeIgniter->run()
CRITICAL - 2024-01-11 12:59:09 --> Cannot use isset() on the result of an expression (you can use "null !== expression" instead)
in APPPATH\Views\Usuario.php on line 40.
 1 [internal function]: CodeIgniter\Debug\Exceptions->shutdownHandler()
